#
# A fatal error has been detected by the Java Runtime Environment:
#
#  EXCEPTION_ACCESS_VIOLATION (0xc0000005) at pc=0x00007ffb50bae0a9, pid=2572, tid=10780
#
# JRE version: OpenJDK Runtime Environment Microsoft-8035246 (17.0.8+7) (build 17.0.8+7-LTS)
# Java VM: OpenJDK 64-Bit Server VM Microsoft-8035246 (17.0.8+7-LTS, mixed mode, sharing, tiered, compressed oops, compressed class ptrs, g1 gc, windows-amd64)
# Problematic frame:
# V  [jvm.dll+0x2be0a9]
#
# No core dump will be written. Minidumps are not enabled by default on client versions of Windows
#
# If you would like to submit a bug report, please visit:
#   https://github.com/microsoft/openjdk/issues
#

---------------  S U M M A R Y ------------

Command Line: -XX:MaxMetaspaceSize=512m --add-opens=java.base/java.util=ALL-UNNAMED --add-opens=java.base/java.lang=ALL-UNNAMED --add-opens=java.base/java.lang.invoke=ALL-UNNAMED --add-opens=java.prefs/java.util.prefs=ALL-UNNAMED --add-opens=java.base/java.nio.charset=ALL-UNNAMED --add-opens=java.base/java.net=ALL-UNNAMED --add-opens=java.base/java.util.concurrent.atomic=ALL-UNNAMED -Xmx2048m -Dfile.encoding=windows-1252 -Duser.country=GB -Duser.language=en -Duser.variant -javaagent:C:\Users\anoop\.gradle\wrapper\dists\gradle-8.3-all\6en3ugtfdg5xnpx44z4qbwgas\gradle-8.3\lib\agents\gradle-instrumentation-agent-8.3.jar org.gradle.launcher.daemon.bootstrap.GradleDaemon 8.3

Host: AMD Ryzen 3 3250U with Radeon Graphics         , 4 cores, 5G,  Windows 10 , 64 bit Build 19041 (10.0.19041.3636)
Time: Tue Feb 20 10:53:11 2024 India Standard Time elapsed time: 199.106098 seconds (0d 0h 3m 19s)

---------------  T H R E A D  ---------------

Current thread (0x000001fed359b430):  JavaThread "C2 CompilerThread0" daemon [_thread_in_native, id=10780, stack(0x0000000101200000,0x0000000101300000)]


Current CompileTask:
C2: 199106 15325   !   4       org.gradle.cache.internal.DefaultMultiProcessSafeIndexedCache::getIfPresent (25 bytes)

Stack: [0x0000000101200000,0x0000000101300000],  sp=0x00000001012fb700,  free space=1005k
Native frames: (J=compiled Java code, j=interpreted, Vv=VM code, C=native code)
V  [jvm.dll+0x2be0a9]
V  [jvm.dll+0x21ba8b]
V  [jvm.dll+0x21944b]
V  [jvm.dll+0x1a56b6]
V  [jvm.dll+0x2291ea]
V  [jvm.dll+0x22724c]
V  [jvm.dll+0x7efd0c]
V  [jvm.dll+0x7ea13a]
V  [jvm.dll+0x67ad85]
C  [ucrtbase.dll+0x21bb2]
C  [KERNEL32.DLL+0x17344]
C  [ntdll.dll+0x526b1]


siginfo: EXCEPTION_ACCESS_VIOLATION (0xc0000005), reading address 0x0000000000000028


Register to memory mapping:

RIP=0x00007ffb50bae0a9 jvm.dll
RAX=0x000001fef82c3fc0 points into unknown readable memory: 0x0000000000000000 | 00 00 00 00 00 00 00 00
RBX=0x00000000000017d6 is an unknown value
RCX=0x000001fef82d3fc0 points into unknown readable memory: 0xffffffffffffffff | ff ff ff ff ff ff ff ff
RDX=0x0 is NULL
RSP=0x00000001012fb700 is pointing into the stack for thread: 0x000001fed359b430
RBP=0x00000001012fb770 is pointing into the stack for thread: 0x000001fed359b430
RSI=0x0 is NULL
RDI=0x0000000000000048 is an unknown value
R8 =0x0 is NULL
R9 =0x0 is NULL
R10=0x00007ffbaccf0000 VCRUNTIME140.dll
R11=0x000001fef82c3fe0 points into unknown readable memory: 0x0000000000000000 | 00 00 00 00 00 00 00 00
R12=0x0000000000000050 is an unknown value
R13=0x0 is NULL
R14=0x0 is NULL
R15=0x00000001012fe920 is pointing into the stack for thread: 0x000001fed359b430


Registers:
RAX=0x000001fef82c3fc0, RBX=0x00000000000017d6, RCX=0x000001fef82d3fc0, RDX=0x0000000000000000
RSP=0x00000001012fb700, RBP=0x00000001012fb770, RSI=0x0000000000000000, RDI=0x0000000000000048
R8 =0x0000000000000000, R9 =0x0000000000000000, R10=0x00007ffbaccf0000, R11=0x000001fef82c3fe0
R12=0x0000000000000050, R13=0x0000000000000000, R14=0x0000000000000000, R15=0x00000001012fe920
RIP=0x00007ffb50bae0a9, EFLAGS=0x0000000000010246

Top of Stack: (sp=0x00000001012fb700)
0x00000001012fb700:   00000000000017d6 0000000000000000
0x00000001012fb710:   00000001012fe920 00007ffb50b138d1
0x00000001012fb720:   000001fed3593e90 00007ffb00002000
0x00000001012fb730:   000001fef82c3fc0 000001fe00000000
0x00000001012fb740:   000001fe00000002 000001fef47f0b80
0x00000001012fb750:   0000000000000002 000001fed3593e90
0x00000001012fb760:   0000000000000000 0000000000000000
0x00000001012fb770:   000001fed356e500 000001feb3b18210
0x00000001012fb780:   0000000000000048 00007ffb51234c08
0x00000001012fb790:   00000001012fb8a0 00007ffb50b0ba8b
0x00000001012fb7a0:   00000001012fe920 00007ffb51234c08
0x00000001012fb7b0:   00000001012fe920 00000001012fb8a0
0x00000001012fb7c0:   000001fe00000000 00007ffb50f0b7fb
0x00000001012fb7d0:   000000010000000f 00000001012fe920
0x00000001012fb7e0:   00000001012fb950 0000000000000000
0x00000001012fb7f0:   000001fe00000100 00007ffb51234c08 

Instructions: (pc=0x00007ffb50bae0a9)
0x00007ffb50badfa9:   3b d0 75 0b ff c1 41 3b c9 7c dc 48 8b c2 c3 33
0x00007ffb50badfb9:   c0 c3 cc cc cc cc cc 48 89 5c 24 18 55 56 57 41
0x00007ffb50badfc9:   55 41 57 48 8b ec 48 83 ec 70 65 48 8b 04 25 58
0x00007ffb50badfd9:   00 00 00 48 8b f2 44 8b 05 d2 8b 90 00 4c 8b f9
0x00007ffb50badfe9:   4a 8b 1c c0 b8 50 00 00 00 80 3c 18 00 75 05 e8
0x00007ffb50badff9:   8b 6f 5d 00 b8 20 00 00 00 48 8b 04 18 48 8b 98
0x00007ffb50bae009:   38 02 00 00 48 89 5d b0 c7 45 b8 04 00 00 00 48
0x00007ffb50bae019:   8b 43 18 48 83 f8 df 76 18 4c 8d 05 37 a9 65 00
0x00007ffb50bae029:   ba 20 00 00 00 48 8b cb e8 5a eb de ff 48 8b 43
0x00007ffb50bae039:   18 48 8d 48 20 48 3b 4b 20 76 11 45 33 c0 48 8b
0x00007ffb50bae049:   cb 41 8d 50 20 e8 fd e8 de ff eb 04 48 89 4b 18
0x00007ffb50bae059:   44 8b 45 b8 33 d2 49 c1 e0 03 48 8b c8 48 89 45
0x00007ffb50bae069:   c0 e8 e3 80 5d 00 45 33 ed 48 8d 4d d0 44 89 6d
0x00007ffb50bae079:   c8 e8 01 59 56 00 41 8b 9f 40 02 00 00 41 2b 9f
0x00007ffb50bae089:   68 02 00 00 44 89 6d f0 3b 5d b8 72 0b 8b d3 48
0x00007ffb50bae099:   8d 4d b0 e8 6f b3 39 00 48 8b 45 c0 4c 89 2c d8
0x00007ffb50bae0a9:   8b 7e 28 8b df c1 eb 05 3b 5d d0 72 0b 8b d3 48
0x00007ffb50bae0b9:   8d 4d d0 e8 1f 59 56 00 48 8b 45 d8 83 e7 1f 48
0x00007ffb50bae0c9:   8d 14 98 40 0f b6 cf 41 b8 01 00 00 00 41 d3 e0
0x00007ffb50bae0d9:   8b 0a 8b c1 41 0b c0 89 02 41 85 c8 75 21 8b 5d
0x00007ffb50bae0e9:   c8 8d 43 01 89 45 c8 3b 5d b8 72 0b 8b d3 48 8d
0x00007ffb50bae0f9:   4d b0 e8 10 b3 39 00 48 8b 45 c0 48 89 34 d8 44
0x00007ffb50bae109:   39 6d c8 0f 86 77 01 00 00 4c 89 a4 24 a0 00 00
0x00007ffb50bae119:   00 4c 89 b4 24 a8 00 00 00 48 8b 45 c0 41 8b cd
0x00007ffb50bae129:   48 8b 34 c8 8b 46 2c 25 ff 1f 00 00 3d 04 10 00
0x00007ffb50bae139:   00 0f 85 a7 00 00 00 bb 01 00 00 00 39 5e 18 76
0x00007ffb50bae149:   39 66 0f 1f 44 00 00 48 8b 46 08 8b cb 48 8b 14
0x00007ffb50bae159:   c8 48 85 d2 74 1d 48 83 7a 10 00 74 16 80 7a 2c
0x00007ffb50bae169:   84 74 10 e8 7f 7e ee ff 48 8b d0 49 8b cf e8 a4
0x00007ffb50bae179:   61 f6 ff ff c3 3b 5e 18 72 cd 48 8b 5e 10 8b 46
0x00007ffb50bae189:   20 4c 8d 34 c3 49 3b de 73 54 48 8b 3b 8b 47 2c
0x00007ffb50bae199:   83 e0 03 3c 03 75 2e 48 8b 07 48 8b cf ff 90 88 


Stack slot to memory mapping:
stack at sp + 0 slots: 0x00000000000017d6 is an unknown value
stack at sp + 1 slots: 0x0 is NULL
stack at sp + 2 slots: 0x00000001012fe920 is pointing into the stack for thread: 0x000001fed359b430
stack at sp + 3 slots: 0x00007ffb50b138d1 jvm.dll
stack at sp + 4 slots: 0x000001fed3593e90 points into unknown readable memory: 0x0000000000000006 | 06 00 00 00 00 00 00 00
stack at sp + 5 slots: 0x00007ffb00002000 is an unknown value
stack at sp + 6 slots: 0x000001fef82c3fc0 points into unknown readable memory: 0x0000000000000000 | 00 00 00 00 00 00 00 00
stack at sp + 7 slots: 0x000001fe00000000 is an unknown value


---------------  P R O C E S S  ---------------

Threads class SMR info:
_java_thread_list=0x000001fef3723c20, length=91, elements={
0x000001feb3b01410, 0x000001fed357eaf0, 0x000001fed357f880, 0x000001fed3594cf0,
0x000001fed35975d0, 0x000001fed3597ea0, 0x000001fed359a780, 0x000001fed359b430,
0x000001fed35a2210, 0x000001fed3619d10, 0x000001fed37b0520, 0x000001fed38c7140,
0x000001fef535ca30, 0x000001fed3a29980, 0x000001fef45afdb0, 0x000001fef31b1d60,
0x000001fef31b2240, 0x000001fef45c2e10, 0x000001fef45c14c0, 0x000001fef45c0aa0,
0x000001fef45c1ee0, 0x000001fef45c3320, 0x000001fef45c2900, 0x000001fef45c4250,
0x000001fef45c23f0, 0x000001fef45c0fb0, 0x000001fef45c3830, 0x000001fef45c3d40,
0x000001fef4620c80, 0x000001fef461e910, 0x000001fef461c5a0, 0x000001fef46220c0,
0x000001fef461f840, 0x000001fef461cab0, 0x000001fef4620770, 0x000001fef4622ae0,
0x000001fef461e400, 0x000001fef46216a0, 0x000001fef4621bb0, 0x000001fef461bb80,
0x000001fef4620260, 0x000001fef461b670, 0x000001fef4622ff0, 0x000001fef461ee20,
0x000001fef461cfc0, 0x000001fef461d4d0, 0x000001fef72a5050, 0x000001fef72a9c40,
0x000001fef72a8800, 0x000001fef72aa150, 0x000001fef72a9220, 0x000001fef72a4630,
0x000001fef72a9730, 0x000001fef72a3700, 0x000001fef72a82f0, 0x000001fef72a7de0,
0x000001fef72a2ce0, 0x000001fef72aa660, 0x000001fef72a3c10, 0x000001fef72a31f0,
0x000001fef72a4120, 0x000001fef72a5560, 0x000001fef72a5a70, 0x000001fef72a69a0,
0x000001fef72a8d10, 0x000001fef45c19d0, 0x000001fef7765790, 0x000001fef7768a30,
0x000001fef7764860, 0x000001fef7763e40, 0x000001fef77670e0, 0x000001fef77624f0,
0x000001fef7761fe0, 0x000001fef7769960, 0x000001fef7762a00, 0x000001fef7763420,
0x000001fef7764d70, 0x000001fef7765280, 0x000001fef7766bd0, 0x000001fef77661b0,
0x000001fefda7f610, 0x000001fefda7dcc0, 0x000001fefda7fb20, 0x000001fefda7b950,
0x000001fefda7be60, 0x000001fefda795e0, 0x000001fefda7c370, 0x000001fefda7a000,
0x000001fefda80030, 0x000001fefda7af30, 0x000001fefda79af0
}

Java Threads: ( => current thread )
  0x000001feb3b01410 JavaThread "main" [_thread_blocked, id=2676, stack(0x0000000100500000,0x0000000100600000)]
  0x000001fed357eaf0 JavaThread "Reference Handler" daemon [_thread_blocked, id=6708, stack(0x0000000100c00000,0x0000000100d00000)]
  0x000001fed357f880 JavaThread "Finalizer" daemon [_thread_blocked, id=9764, stack(0x0000000100d00000,0x0000000100e00000)]
  0x000001fed3594cf0 JavaThread "Signal Dispatcher" daemon [_thread_blocked, id=5192, stack(0x0000000100e00000,0x0000000100f00000)]
  0x000001fed35975d0 JavaThread "Attach Listener" daemon [_thread_blocked, id=6448, stack(0x0000000100f00000,0x0000000101000000)]
  0x000001fed3597ea0 JavaThread "Service Thread" daemon [_thread_blocked, id=3500, stack(0x0000000101000000,0x0000000101100000)]
  0x000001fed359a780 JavaThread "Monitor Deflation Thread" daemon [_thread_blocked, id=3504, stack(0x0000000101100000,0x0000000101200000)]
=>0x000001fed359b430 JavaThread "C2 CompilerThread0" daemon [_thread_in_native, id=10780, stack(0x0000000101200000,0x0000000101300000)]
  0x000001fed35a2210 JavaThread "C1 CompilerThread0" daemon [_thread_blocked, id=1424, stack(0x0000000101300000,0x0000000101400000)]
  0x000001fed3619d10 JavaThread "Sweeper thread" daemon [_thread_blocked, id=3528, stack(0x0000000101400000,0x0000000101500000)]
  0x000001fed37b0520 JavaThread "Common-Cleaner" daemon [_thread_blocked, id=3508, stack(0x0000000101500000,0x0000000101600000)]
  0x000001fed38c7140 JavaThread "Notification Thread" daemon [_thread_blocked, id=5076, stack(0x0000000101600000,0x0000000101700000)]
  0x000001fef535ca30 JavaThread "Daemon health stats" [_thread_blocked, id=5836, stack(0x0000000101c00000,0x0000000101d00000)]
  0x000001fed3a29980 JavaThread "Incoming local TCP Connector on port 50159" [_thread_in_native, id=13156, stack(0x0000000101b00000,0x0000000101c00000)]
  0x000001fef45afdb0 JavaThread "Daemon periodic checks" [_thread_blocked, id=5960, stack(0x0000000101d00000,0x0000000101e00000)]
  0x000001fef31b1d60 JavaThread "Daemon" [_thread_blocked, id=1572, stack(0x0000000101e00000,0x0000000101f00000)]
  0x000001fef31b2240 JavaThread "Handler for socket connection from /127.0.0.1:50159 to /127.0.0.1:50160" [_thread_in_native, id=12720, stack(0x0000000101f00000,0x0000000102000000)]
  0x000001fef45c2e10 JavaThread "Cancel handler" [_thread_blocked, id=7232, stack(0x0000000102000000,0x0000000102100000)]
  0x000001fef45c14c0 JavaThread "Daemon worker" [_thread_blocked, id=3144, stack(0x0000000102100000,0x0000000102200000)]
  0x000001fef45c0aa0 JavaThread "Asynchronous log dispatcher for DefaultDaemonConnection: socket connection from /127.0.0.1:50159 to /127.0.0.1:50160" [_thread_blocked, id=3136, stack(0x0000000102200000,0x0000000102300000)]
  0x000001fef45c1ee0 JavaThread "Stdin handler" [_thread_blocked, id=4156, stack(0x0000000102300000,0x0000000102400000)]
  0x000001fef45c3320 JavaThread "Daemon client event forwarder" [_thread_blocked, id=11732, stack(0x0000000102400000,0x0000000102500000)]
  0x000001fef45c2900 JavaThread "Cache worker for journal cache (C:\Users\anoop\.gradle\caches\journal-1)" [_thread_blocked, id=7288, stack(0x0000000102500000,0x0000000102600000)]
  0x000001fef45c4250 JavaThread "File lock request listener" [_thread_in_native, id=11632, stack(0x0000000102600000,0x0000000102700000)]
  0x000001fef45c23f0 JavaThread "Cache worker for file hash cache (C:\Users\anoop\.gradle\caches\8.3\fileHashes)" [_thread_blocked, id=4432, stack(0x0000000102700000,0x0000000102800000)]
  0x000001fef45c0fb0 JavaThread "File watcher server" daemon [_thread_in_native, id=4696, stack(0x0000000102800000,0x0000000102900000)]
  0x000001fef45c3830 JavaThread "File watcher consumer" daemon [_thread_in_Java, id=11600, stack(0x0000000102900000,0x0000000102a00000)]
  0x000001fef45c3d40 JavaThread "Cache worker for checksums cache (D:\resin preparation\Project2\GroceryApp\mygroceryapp\android\.gradle\8.3\checksums)" [_thread_blocked, id=10952, stack(0x0000000102a00000,0x0000000102b00000)]
  0x000001fef4620c80 JavaThread "Cache worker for file hash cache (D:\resin preparation\Project2\GroceryApp\mygroceryapp\android\.gradle\8.3\fileHashes)" [_thread_blocked, id=12352, stack(0x0000000102b00000,0x0000000102c00000)]
  0x000001fef461e910 JavaThread "Cache worker for cache directory md-supplier (C:\Users\anoop\.gradle\caches\8.3\md-supplier)" [_thread_blocked, id=10592, stack(0x0000000102c00000,0x0000000102d00000)]
  0x000001fef461c5a0 JavaThread "Cache worker for file content cache (C:\Users\anoop\.gradle\caches\8.3\fileContent)" [_thread_blocked, id=4164, stack(0x0000000102d00000,0x0000000102e00000)]
  0x000001fef46220c0 JavaThread "Cache worker for cache directory md-rule (C:\Users\anoop\.gradle\caches\8.3\md-rule)" [_thread_blocked, id=10460, stack(0x0000000102e00000,0x0000000102f00000)]
  0x000001fef461f840 JavaThread "Cache worker for execution history cache (C:\Users\anoop\.gradle\caches\8.3\executionHistory)" [_thread_blocked, id=4264, stack(0x0000000103000000,0x0000000103100000)]
  0x000001fef461cab0 JavaThread "jar transforms" [_thread_blocked, id=12284, stack(0x0000000102f00000,0x0000000103000000)]
  0x000001fef4620770 JavaThread "jar transforms Thread 2" [_thread_blocked, id=5316, stack(0x0000000103100000,0x0000000103200000)]
  0x000001fef4622ae0 JavaThread "jar transforms Thread 3" [_thread_blocked, id=9288, stack(0x0000000103200000,0x0000000103300000)]
  0x000001fef461e400 JavaThread "jar transforms Thread 4" [_thread_blocked, id=3840, stack(0x0000000103300000,0x0000000103400000)]
  0x000001fef46216a0 JavaThread "Cache worker for kotlin-dsl (C:\Users\anoop\.gradle\caches\8.3\kotlin-dsl)" [_thread_blocked, id=6472, stack(0x0000000100100000,0x0000000100200000)]
  0x000001fef4621bb0 JavaThread "Unconstrained build operations" [_thread_blocked, id=5684, stack(0x0000000100400000,0x0000000100500000)]
  0x000001fef461bb80 JavaThread "Unconstrained build operations Thread 2" [_thread_blocked, id=9420, stack(0x0000000103600000,0x0000000103700000)]
  0x000001fef4620260 JavaThread "Cache worker for dependencies-accessors (D:\resin preparation\Project2\GroceryApp\mygroceryapp\android\.gradle\8.3\dependencies-accessors)" [_thread_blocked, id=11196, stack(0x0000000103700000,0x0000000103800000)]
  0x000001fef461b670 JavaThread "Cache worker for Build Output Cleanup Cache (D:\resin preparation\Project2\GroceryApp\mygroceryapp\node_modules\@react-native\gradle-plugin\.gradle\buildOutputCleanup)" [_thread_blocked, id=6520, stack(0x0000000103800000,0x0000000103900000)]
  0x000001fef4622ff0 JavaThread "Unconstrained build operations Thread 3" [_thread_blocked, id=11424, stack(0x0000000103900000,0x0000000103a00000)]
  0x000001fef461ee20 JavaThread "Unconstrained build operations Thread 4" [_thread_blocked, id=6628, stack(0x0000000103a00000,0x0000000103b00000)]
  0x000001fef461cfc0 JavaThread "Unconstrained build operations Thread 5" [_thread_blocked, id=13100, stack(0x0000000103b00000,0x0000000103c00000)]
  0x000001fef461d4d0 JavaThread "Memory manager" [_thread_blocked, id=7140, stack(0x0000000103c00000,0x0000000103d00000)]
  0x000001fef72a5050 JavaThread "Cache worker for Build Output Cleanup Cache (D:\resin preparation\Project2\GroceryApp\mygroceryapp\android\.gradle\buildOutputCleanup)" [_thread_blocked, id=11488, stack(0x0000000103d00000,0x0000000103e00000)]
  0x000001fef72a9c40 JavaThread "ForkJoinPool.commonPool-worker-1" daemon [_thread_blocked, id=11620, stack(0x0000000103f00000,0x0000000104000000)]
  0x000001fef72a8800 JavaThread "ForkJoinPool.commonPool-worker-3" daemon [_thread_blocked, id=8708, stack(0x0000000104100000,0x0000000104200000)]
  0x000001fef72aa150 JavaThread "Execution worker" [_thread_blocked, id=12840, stack(0x0000000104600000,0x0000000104700000)]
  0x000001fef72a9220 JavaThread "Execution worker Thread 2" [_thread_blocked, id=11016, stack(0x0000000104700000,0x0000000104800000)]
  0x000001fef72a4630 JavaThread "Execution worker Thread 3" [_thread_blocked, id=8196, stack(0x0000000104800000,0x0000000104900000)]
  0x000001fef72a9730 JavaThread "Cache worker for execution history cache (D:\resin preparation\Project2\GroceryApp\mygroceryapp\node_modules\@react-native\gradle-plugin\.gradle\8.3\executionHistory)" [_thread_blocked, id=2508, stack(0x0000000104900000,0x0000000104a00000)]
  0x000001fef72a3700 JavaThread "Unconstrained build operations Thread 6" [_thread_blocked, id=7264, stack(0x0000000104400000,0x0000000104500000)]
  0x000001fef72a82f0 JavaThread "Unconstrained build operations Thread 7" [_thread_blocked, id=5048, stack(0x0000000104a00000,0x0000000104b00000)]
  0x000001fef72a7de0 JavaThread "Unconstrained build operations Thread 8" [_thread_blocked, id=3392, stack(0x0000000104b00000,0x0000000104c00000)]
  0x000001fef72a2ce0 JavaThread "Unconstrained build operations Thread 9" [_thread_blocked, id=10996, stack(0x0000000104c00000,0x0000000104d00000)]
  0x000001fef72aa660 JavaThread "Unconstrained build operations Thread 10" [_thread_blocked, id=12620, stack(0x0000000104d00000,0x0000000104e00000)]
  0x000001fef72a3c10 JavaThread "Unconstrained build operations Thread 11" [_thread_blocked, id=11164, stack(0x0000000104e00000,0x0000000104f00000)]
  0x000001fef72a31f0 JavaThread "Unconstrained build operations Thread 12" [_thread_blocked, id=1136, stack(0x0000000104f00000,0x0000000105000000)]
  0x000001fef72a4120 JavaThread "Unconstrained build operations Thread 13" [_thread_blocked, id=9664, stack(0x0000000105000000,0x0000000105100000)]
  0x000001fef72a5560 JavaThread "Unconstrained build operations Thread 14" [_thread_blocked, id=10700, stack(0x0000000103400000,0x0000000103500000)]
  0x000001fef72a5a70 JavaThread "Unconstrained build operations Thread 15" [_thread_blocked, id=11712, stack(0x0000000103e00000,0x0000000103f00000)]
  0x000001fef72a69a0 JavaThread "Unconstrained build operations Thread 16" [_thread_blocked, id=10808, stack(0x0000000104000000,0x0000000104100000)]
  0x000001fef72a8d10 JavaThread "Unconstrained build operations Thread 17" [_thread_blocked, id=6964, stack(0x0000000104200000,0x0000000104300000)]
  0x000001fef45c19d0 JavaThread "Unconstrained build operations Thread 18" [_thread_blocked, id=10120, stack(0x0000000104300000,0x0000000104400000)]
  0x000001fef7765790 JavaThread "Unconstrained build operations Thread 19" [_thread_blocked, id=6732, stack(0x0000000104500000,0x0000000104600000)]
  0x000001fef7768a30 JavaThread "Unconstrained build operations Thread 20" [_thread_blocked, id=7508, stack(0x0000000105200000,0x0000000105300000)]
  0x000001fef7764860 JavaThread "Unconstrained build operations Thread 21" [_thread_blocked, id=12432, stack(0x0000000105300000,0x0000000105400000)]
  0x000001fef7763e40 JavaThread "Unconstrained build operations Thread 22" [_thread_blocked, id=8812, stack(0x0000000105400000,0x0000000105500000)]
  0x000001fef77670e0 JavaThread "ForkJoinPool.commonPool-worker-4" daemon [_thread_blocked, id=3688, stack(0x0000000105500000,0x0000000105600000)]
  0x000001fef77624f0 JavaThread "included builds Thread 2" [_thread_blocked, id=11696, stack(0x0000000105600000,0x0000000105700000)]
  0x000001fef7761fe0 JavaThread "Unconstrained build operations Thread 23" [_thread_blocked, id=4928, stack(0x0000000105700000,0x0000000105800000)]
  0x000001fef7769960 JavaThread "Unconstrained build operations Thread 24" [_thread_blocked, id=4848, stack(0x0000000105800000,0x0000000105900000)]
  0x000001fef7762a00 JavaThread "Unconstrained build operations Thread 25" [_thread_blocked, id=5328, stack(0x0000000105900000,0x0000000105a00000)]
  0x000001fef7763420 JavaThread "Unconstrained build operations Thread 26" [_thread_blocked, id=11872, stack(0x0000000105a00000,0x0000000105b00000)]
  0x000001fef7764d70 JavaThread "Unconstrained build operations Thread 27" [_thread_blocked, id=5856, stack(0x0000000105b00000,0x0000000105c00000)]
  0x000001fef7765280 JavaThread "Unconstrained build operations Thread 28" [_thread_blocked, id=5132, stack(0x0000000105c00000,0x0000000105d00000)]
  0x000001fef7766bd0 JavaThread "Unconstrained build operations Thread 29" [_thread_blocked, id=6904, stack(0x0000000105d00000,0x0000000105e00000)]
  0x000001fef77661b0 JavaThread "Unconstrained build operations Thread 30" [_thread_blocked, id=5640, stack(0x0000000105e00000,0x0000000105f00000)]
  0x000001fefda7f610 JavaThread "Unconstrained build operations Thread 31" [_thread_blocked, id=5532, stack(0x0000000105f00000,0x0000000106000000)]
  0x000001fefda7dcc0 JavaThread "Unconstrained build operations Thread 32" [_thread_blocked, id=9256, stack(0x0000000106000000,0x0000000106100000)]
  0x000001fefda7fb20 JavaThread "Unconstrained build operations Thread 33" [_thread_blocked, id=3556, stack(0x0000000106100000,0x0000000106200000)]
  0x000001fefda7b950 JavaThread "Unconstrained build operations Thread 34" [_thread_blocked, id=9252, stack(0x0000000106200000,0x0000000106300000)]
  0x000001fefda7be60 JavaThread "Unconstrained build operations Thread 35" [_thread_blocked, id=6624, stack(0x0000000106300000,0x0000000106400000)]
  0x000001fefda795e0 JavaThread "Unconstrained build operations Thread 36" [_thread_blocked, id=3568, stack(0x0000000106400000,0x0000000106500000)]
  0x000001fefda7c370 JavaThread "Unconstrained build operations Thread 37" [_thread_blocked, id=5448, stack(0x0000000106500000,0x0000000106600000)]
  0x000001fefda7a000 JavaThread "Unconstrained build operations Thread 38" [_thread_blocked, id=1104, stack(0x0000000106600000,0x0000000106700000)]
  0x000001fefda80030 JavaThread "Unconstrained build operations Thread 39" [_thread_blocked, id=9272, stack(0x0000000106700000,0x0000000106800000)]
  0x000001fefda7af30 JavaThread "Unconstrained build operations Thread 40" [_thread_blocked, id=3640, stack(0x0000000106800000,0x0000000106900000)]
  0x000001fefda79af0 JavaThread "Cache worker for execution history cache (D:\resin preparation\Project2\GroceryApp\mygroceryapp\android\.gradle\8.3\executionHistory)" [_thread_blocked, id=5832, stack(0x0000000106900000,0x0000000106a00000)]

Other Threads:
  0x000001fed3577b60 VMThread "VM Thread" [stack: 0x0000000100b00000,0x0000000100c00000] [id=6076]
  0x000001feb3b02080 WatcherThread [stack: 0x0000000101700000,0x0000000101800000] [id=7816]
  0x000001feb3b5f400 GCTaskThread "GC Thread#0" [stack: 0x0000000100600000,0x0000000100700000] [id=2608]
  0x000001fed3a7c780 GCTaskThread "GC Thread#1" [stack: 0x0000000101800000,0x0000000101900000] [id=12100]
  0x000001fed3b27b70 GCTaskThread "GC Thread#2" [stack: 0x0000000101900000,0x0000000101a00000] [id=12328]
  0x000001fef38e36c0 GCTaskThread "GC Thread#3" [stack: 0x0000000101a00000,0x0000000101b00000] [id=2960]
  0x000001feb3b71270 ConcurrentGCThread "G1 Main Marker" [stack: 0x0000000100700000,0x0000000100800000] [id=2708]
  0x000001feb3b71b90 ConcurrentGCThread "G1 Conc#0" [stack: 0x0000000100800000,0x0000000100900000] [id=8804]
  0x000001feb3bb09e0 ConcurrentGCThread "G1 Refine#0" [stack: 0x0000000100900000,0x0000000100a00000] [id=2680]
  0x000001feb3bb1320 ConcurrentGCThread "G1 Service" [stack: 0x0000000100a00000,0x0000000100b00000] [id=5780]

Threads with active compile tasks:
C2 CompilerThread0   199171 15325   !   4       org.gradle.cache.internal.DefaultMultiProcessSafeIndexedCache::getIfPresent (25 bytes)

VM state: not at safepoint (normal execution)

VM Mutex/Monitor currently owned by a thread: None

Heap address: 0x0000000080000000, size: 2048 MB, Compressed Oops mode: 32-bit

CDS archive(s) mapped at: [0x000001fed4000000-0x000001fed4bd0000-0x000001fed4bd0000), size 12386304, SharedBaseAddress: 0x000001fed4000000, ArchiveRelocationMode: 1.
Compressed class space mapped at: 0x000001fed5000000-0x000001feef000000, reserved size: 436207616
Narrow klass base: 0x000001fed4000000, Narrow klass shift: 0, Narrow klass range: 0x100000000

GC Precious Log:
 CPUs: 4 total, 4 available
 Memory: 6086M
 Large Page Support: Disabled
 NUMA Support: Disabled
 Compressed Oops: Enabled (32-bit)
 Heap Region Size: 1M
 Heap Min Capacity: 8M
 Heap Initial Capacity: 96M
 Heap Max Capacity: 2G
 Pre-touch: Disabled
 Parallel Workers: 4
 Concurrent Workers: 1
 Concurrent Refinement Workers: 4
 Periodic GC: Disabled

Heap:
 garbage-first heap   total 243712K, used 208496K [0x0000000080000000, 0x0000000100000000)
  region size 1024K, 30 young (30720K), 4 survivors (4096K)
 Metaspace       used 102811K, committed 103872K, reserved 557056K
  class space    used 14353K, committed 14848K, reserved 425984K

Heap Regions: E=young(eden), S=young(survivor), O=old, HS=humongous(starts), HC=humongous(continues), CS=collection set, F=free, OA=open archive, CA=closed archive, TAMS=top-at-mark-start (previous, next)
|   0|0x0000000080000000, 0x0000000080100000, 0x0000000080100000|100%| O|  |TAMS 0x0000000080100000, 0x0000000080000000| Untracked 
|   1|0x0000000080100000, 0x0000000080200000, 0x0000000080200000|100%| O|  |TAMS 0x0000000080200000, 0x0000000080100000| Untracked 
|   2|0x0000000080200000, 0x0000000080300000, 0x0000000080300000|100%|HS|  |TAMS 0x0000000080300000, 0x0000000080200000| Complete 
|   3|0x0000000080300000, 0x0000000080400000, 0x0000000080400000|100%|HC|  |TAMS 0x0000000080400000, 0x0000000080300000| Complete 
|   4|0x0000000080400000, 0x0000000080500000, 0x0000000080500000|100%|HC|  |TAMS 0x0000000080500000, 0x0000000080400000| Complete 
|   5|0x0000000080500000, 0x0000000080600000, 0x0000000080600000|100%|HC|  |TAMS 0x0000000080600000, 0x0000000080500000| Complete 
|   6|0x0000000080600000, 0x0000000080700000, 0x0000000080700000|100%| O|  |TAMS 0x0000000080700000, 0x0000000080600000| Untracked 
|   7|0x0000000080700000, 0x0000000080800000, 0x0000000080800000|100%| O|  |TAMS 0x0000000080800000, 0x0000000080700000| Untracked 
|   8|0x0000000080800000, 0x0000000080900000, 0x0000000080900000|100%| O|  |TAMS 0x0000000080900000, 0x0000000080800000| Untracked 
|   9|0x0000000080900000, 0x0000000080a00000, 0x0000000080a00000|100%| O|  |TAMS 0x0000000080a00000, 0x0000000080900000| Untracked 
|  10|0x0000000080a00000, 0x0000000080b00000, 0x0000000080b00000|100%| O|  |TAMS 0x0000000080b00000, 0x0000000080a00000| Untracked 
|  11|0x0000000080b00000, 0x0000000080c00000, 0x0000000080c00000|100%| O|  |TAMS 0x0000000080c00000, 0x0000000080b00000| Untracked 
|  12|0x0000000080c00000, 0x0000000080d00000, 0x0000000080d00000|100%| O|  |TAMS 0x0000000080d00000, 0x0000000080c00000| Untracked 
|  13|0x0000000080d00000, 0x0000000080e00000, 0x0000000080e00000|100%| O|  |TAMS 0x0000000080e00000, 0x0000000080d00000| Untracked 
|  14|0x0000000080e00000, 0x0000000080f00000, 0x0000000080f00000|100%| O|  |TAMS 0x0000000080f00000, 0x0000000080e00000| Untracked 
|  15|0x0000000080f00000, 0x0000000081000000, 0x0000000081000000|100%| O|  |TAMS 0x0000000081000000, 0x0000000080f00000| Untracked 
|  16|0x0000000081000000, 0x0000000081100000, 0x0000000081100000|100%| O|  |TAMS 0x0000000081100000, 0x0000000081000000| Untracked 
|  17|0x0000000081100000, 0x0000000081200000, 0x0000000081200000|100%| O|  |TAMS 0x0000000081200000, 0x0000000081100000| Untracked 
|  18|0x0000000081200000, 0x0000000081300000, 0x0000000081300000|100%| O|  |TAMS 0x0000000081300000, 0x0000000081200000| Untracked 
|  19|0x0000000081300000, 0x0000000081400000, 0x0000000081400000|100%| O|  |TAMS 0x0000000081400000, 0x0000000081300000| Untracked 
|  20|0x0000000081400000, 0x0000000081500000, 0x0000000081500000|100%| O|  |TAMS 0x0000000081500000, 0x0000000081400000| Untracked 
|  21|0x0000000081500000, 0x0000000081600000, 0x0000000081600000|100%| O|  |TAMS 0x0000000081600000, 0x0000000081500000| Untracked 
|  22|0x0000000081600000, 0x0000000081700000, 0x0000000081700000|100%| O|  |TAMS 0x0000000081700000, 0x0000000081600000| Untracked 
|  23|0x0000000081700000, 0x0000000081800000, 0x0000000081800000|100%| O|  |TAMS 0x0000000081800000, 0x0000000081700000| Untracked 
|  24|0x0000000081800000, 0x0000000081900000, 0x0000000081900000|100%| O|  |TAMS 0x0000000081900000, 0x0000000081800000| Untracked 
|  25|0x0000000081900000, 0x0000000081a00000, 0x0000000081a00000|100%| O|  |TAMS 0x0000000081a00000, 0x0000000081900000| Untracked 
|  26|0x0000000081a00000, 0x0000000081b00000, 0x0000000081b00000|100%| O|  |TAMS 0x0000000081b00000, 0x0000000081a00000| Untracked 
|  27|0x0000000081b00000, 0x0000000081c00000, 0x0000000081c00000|100%| O|  |TAMS 0x0000000081c00000, 0x0000000081b00000| Untracked 
|  28|0x0000000081c00000, 0x0000000081d00000, 0x0000000081d00000|100%| O|  |TAMS 0x0000000081d00000, 0x0000000081c00000| Untracked 
|  29|0x0000000081d00000, 0x0000000081e00000, 0x0000000081e00000|100%| O|  |TAMS 0x0000000081e00000, 0x0000000081d00000| Untracked 
|  30|0x0000000081e00000, 0x0000000081f00000, 0x0000000081f00000|100%|HS|  |TAMS 0x0000000081f00000, 0x0000000081e00000| Complete 
|  31|0x0000000081f00000, 0x0000000082000000, 0x0000000082000000|100%|HC|  |TAMS 0x0000000082000000, 0x0000000081f00000| Complete 
|  32|0x0000000082000000, 0x0000000082100000, 0x0000000082100000|100%| O|  |TAMS 0x0000000082100000, 0x0000000082000000| Untracked 
|  33|0x0000000082100000, 0x0000000082200000, 0x0000000082200000|100%| O|  |TAMS 0x0000000082200000, 0x0000000082100000| Untracked 
|  34|0x0000000082200000, 0x0000000082300000, 0x0000000082300000|100%| O|  |TAMS 0x0000000082300000, 0x0000000082200000| Untracked 
|  35|0x0000000082300000, 0x0000000082400000, 0x0000000082400000|100%| O|  |TAMS 0x0000000082400000, 0x0000000082300000| Untracked 
|  36|0x0000000082400000, 0x0000000082500000, 0x0000000082500000|100%| O|  |TAMS 0x0000000082500000, 0x0000000082400000| Untracked 
|  37|0x0000000082500000, 0x0000000082600000, 0x0000000082600000|100%| O|  |TAMS 0x0000000082600000, 0x0000000082500000| Untracked 
|  38|0x0000000082600000, 0x0000000082700000, 0x0000000082700000|100%| O|  |TAMS 0x0000000082700000, 0x0000000082600000| Untracked 
|  39|0x0000000082700000, 0x0000000082800000, 0x0000000082800000|100%|HS|  |TAMS 0x0000000082800000, 0x0000000082700000| Complete 
|  40|0x0000000082800000, 0x0000000082900000, 0x0000000082900000|100%|HC|  |TAMS 0x0000000082900000, 0x0000000082800000| Complete 
|  41|0x0000000082900000, 0x0000000082a00000, 0x0000000082a00000|100%| O|  |TAMS 0x0000000082a00000, 0x0000000082900000| Untracked 
|  42|0x0000000082a00000, 0x0000000082b00000, 0x0000000082b00000|100%| O|  |TAMS 0x0000000082b00000, 0x0000000082a00000| Untracked 
|  43|0x0000000082b00000, 0x0000000082c00000, 0x0000000082c00000|100%|HS|  |TAMS 0x0000000082c00000, 0x0000000082b00000| Complete 
|  44|0x0000000082c00000, 0x0000000082d00000, 0x0000000082d00000|100%|HC|  |TAMS 0x0000000082d00000, 0x0000000082c00000| Complete 
|  45|0x0000000082d00000, 0x0000000082e00000, 0x0000000082e00000|100%|HC|  |TAMS 0x0000000082e00000, 0x0000000082d00000| Complete 
|  46|0x0000000082e00000, 0x0000000082f00000, 0x0000000082f00000|100%|HC|  |TAMS 0x0000000082f00000, 0x0000000082e00000| Complete 
|  47|0x0000000082f00000, 0x0000000083000000, 0x0000000083000000|100%| O|  |TAMS 0x0000000083000000, 0x0000000082f00000| Untracked 
|  48|0x0000000083000000, 0x0000000083100000, 0x0000000083100000|100%| O|  |TAMS 0x0000000083100000, 0x0000000083000000| Untracked 
|  49|0x0000000083100000, 0x0000000083200000, 0x0000000083200000|100%| O|  |TAMS 0x0000000083200000, 0x0000000083100000| Untracked 
|  50|0x0000000083200000, 0x0000000083300000, 0x0000000083300000|100%| O|  |TAMS 0x0000000083300000, 0x0000000083200000| Untracked 
|  51|0x0000000083300000, 0x0000000083400000, 0x0000000083400000|100%|HS|  |TAMS 0x0000000083400000, 0x0000000083300000| Complete 
|  52|0x0000000083400000, 0x0000000083500000, 0x0000000083500000|100%|HC|  |TAMS 0x0000000083500000, 0x0000000083400000| Complete 
|  53|0x0000000083500000, 0x0000000083600000, 0x0000000083600000|100%|HC|  |TAMS 0x0000000083600000, 0x0000000083500000| Complete 
|  54|0x0000000083600000, 0x0000000083700000, 0x0000000083700000|100%|HC|  |TAMS 0x0000000083700000, 0x0000000083600000| Complete 
|  55|0x0000000083700000, 0x0000000083800000, 0x0000000083800000|100%| O|  |TAMS 0x0000000083800000, 0x0000000083700000| Untracked 
|  56|0x0000000083800000, 0x0000000083900000, 0x0000000083900000|100%| O|  |TAMS 0x0000000083900000, 0x0000000083800000| Untracked 
|  57|0x0000000083900000, 0x0000000083a00000, 0x0000000083a00000|100%| O|  |TAMS 0x0000000083a00000, 0x0000000083900000| Untracked 
|  58|0x0000000083a00000, 0x0000000083b00000, 0x0000000083b00000|100%| O|  |TAMS 0x0000000083b00000, 0x0000000083a00000| Untracked 
|  59|0x0000000083b00000, 0x0000000083c00000, 0x0000000083c00000|100%| O|  |TAMS 0x0000000083c00000, 0x0000000083b00000| Untracked 
|  60|0x0000000083c00000, 0x0000000083d00000, 0x0000000083d00000|100%| O|  |TAMS 0x0000000083d00000, 0x0000000083c00000| Untracked 
|  61|0x0000000083d00000, 0x0000000083e00000, 0x0000000083e00000|100%| O|  |TAMS 0x0000000083e00000, 0x0000000083d00000| Untracked 
|  62|0x0000000083e00000, 0x0000000083f00000, 0x0000000083f00000|100%| O|  |TAMS 0x0000000083f00000, 0x0000000083e00000| Untracked 
|  63|0x0000000083f00000, 0x0000000084000000, 0x0000000084000000|100%| O|  |TAMS 0x0000000083f00000, 0x0000000083f00000| Untracked 
|  64|0x0000000084000000, 0x0000000084100000, 0x0000000084100000|100%| O|  |TAMS 0x0000000084100000, 0x0000000084000000| Untracked 
|  65|0x0000000084100000, 0x0000000084200000, 0x0000000084200000|100%|HS|  |TAMS 0x0000000084200000, 0x0000000084100000| Complete 
|  66|0x0000000084200000, 0x0000000084300000, 0x0000000084300000|100%|HS|  |TAMS 0x0000000084300000, 0x0000000084200000| Complete 
|  67|0x0000000084300000, 0x0000000084400000, 0x0000000084400000|100%| O|  |TAMS 0x0000000084400000, 0x0000000084300000| Untracked 
|  68|0x0000000084400000, 0x0000000084500000, 0x0000000084500000|100%| O|  |TAMS 0x0000000084500000, 0x0000000084400000| Untracked 
|  69|0x0000000084500000, 0x0000000084600000, 0x0000000084600000|100%|HS|  |TAMS 0x0000000084600000, 0x0000000084500000| Complete 
|  70|0x0000000084600000, 0x0000000084700000, 0x0000000084700000|100%| O|  |TAMS 0x0000000084700000, 0x0000000084600000| Untracked 
|  71|0x0000000084700000, 0x0000000084800000, 0x0000000084800000|100%| O|  |TAMS 0x0000000084800000, 0x0000000084700000| Untracked 
|  72|0x0000000084800000, 0x0000000084900000, 0x0000000084900000|100%|HS|  |TAMS 0x0000000084900000, 0x0000000084800000| Complete 
|  73|0x0000000084900000, 0x0000000084a00000, 0x0000000084a00000|100%| O|  |TAMS 0x0000000084a00000, 0x0000000084900000| Untracked 
|  74|0x0000000084a00000, 0x0000000084b00000, 0x0000000084b00000|100%| O|  |TAMS 0x0000000084b00000, 0x0000000084a00000| Untracked 
|  75|0x0000000084b00000, 0x0000000084c00000, 0x0000000084c00000|100%| O|  |TAMS 0x0000000084b00000, 0x0000000084b00000| Untracked 
|  76|0x0000000084c00000, 0x0000000084d00000, 0x0000000084d00000|100%| O|  |TAMS 0x0000000084d00000, 0x0000000084c00000| Untracked 
|  77|0x0000000084d00000, 0x0000000084e00000, 0x0000000084e00000|100%| O|  |TAMS 0x0000000084e00000, 0x0000000084d00000| Untracked 
|  78|0x0000000084e00000, 0x0000000084f00000, 0x0000000084f00000|100%| O|  |TAMS 0x0000000084f00000, 0x0000000084e00000| Untracked 
|  79|0x0000000084f00000, 0x0000000085000000, 0x0000000085000000|100%| O|  |TAMS 0x0000000085000000, 0x0000000084f00000| Untracked 
|  80|0x0000000085000000, 0x0000000085100000, 0x0000000085100000|100%| O|  |TAMS 0x0000000085100000, 0x0000000085000000| Untracked 
|  81|0x0000000085100000, 0x0000000085200000, 0x0000000085200000|100%| O|  |TAMS 0x0000000085165200, 0x0000000085100000| Untracked 
|  82|0x0000000085200000, 0x0000000085300000, 0x0000000085300000|100%| O|  |TAMS 0x0000000085200000, 0x0000000085200000| Untracked 
|  83|0x0000000085300000, 0x0000000085400000, 0x0000000085400000|100%| O|  |TAMS 0x0000000085300000, 0x0000000085300000| Untracked 
|  84|0x0000000085400000, 0x0000000085500000, 0x0000000085500000|100%| O|  |TAMS 0x0000000085400000, 0x0000000085400000| Untracked 
|  85|0x0000000085500000, 0x0000000085600000, 0x0000000085600000|100%| O|  |TAMS 0x0000000085600000, 0x0000000085500000| Untracked 
|  86|0x0000000085600000, 0x0000000085700000, 0x0000000085700000|100%| O|  |TAMS 0x0000000085600000, 0x0000000085600000| Untracked 
|  87|0x0000000085700000, 0x0000000085800000, 0x0000000085800000|100%| O|  |TAMS 0x0000000085700000, 0x0000000085700000| Untracked 
|  88|0x0000000085800000, 0x0000000085900000, 0x0000000085900000|100%|HS|  |TAMS 0x0000000085800000, 0x0000000085800000| Complete 
|  89|0x0000000085900000, 0x0000000085a00000, 0x0000000085a00000|100%|HS|  |TAMS 0x0000000085900000, 0x0000000085900000| Complete 
|  90|0x0000000085a00000, 0x0000000085b00000, 0x0000000085b00000|100%|HS|  |TAMS 0x0000000085a00000, 0x0000000085a00000| Complete 
|  91|0x0000000085b00000, 0x0000000085c00000, 0x0000000085c00000|100%|HC|  |TAMS 0x0000000085b00000, 0x0000000085b00000| Complete 
|  92|0x0000000085c00000, 0x0000000085d00000, 0x0000000085d00000|100%| O|  |TAMS 0x0000000085c00000, 0x0000000085c00000| Untracked 
|  93|0x0000000085d00000, 0x0000000085e00000, 0x0000000085e00000|100%| O|  |TAMS 0x0000000085d00000, 0x0000000085d00000| Untracked 
|  94|0x0000000085e00000, 0x0000000085f00000, 0x0000000085f00000|100%| O|  |TAMS 0x0000000085e00000, 0x0000000085e00000| Untracked 
|  95|0x0000000085f00000, 0x0000000086000000, 0x0000000086000000|100%| O|  |TAMS 0x0000000085f00000, 0x0000000085f00000| Untracked 
|  96|0x0000000086000000, 0x0000000086100000, 0x0000000086100000|100%| O|  |TAMS 0x0000000086000000, 0x0000000086000000| Untracked 
|  97|0x0000000086100000, 0x0000000086200000, 0x0000000086200000|100%| O|  |TAMS 0x0000000086100000, 0x0000000086100000| Untracked 
|  98|0x0000000086200000, 0x0000000086300000, 0x0000000086300000|100%| O|  |TAMS 0x0000000086200000, 0x0000000086200000| Untracked 
|  99|0x0000000086300000, 0x0000000086400000, 0x0000000086400000|100%| O|  |TAMS 0x0000000086300000, 0x0000000086300000| Untracked 
| 100|0x0000000086400000, 0x0000000086500000, 0x0000000086500000|100%|HS|  |TAMS 0x0000000086400000, 0x0000000086400000| Complete 
| 101|0x0000000086500000, 0x0000000086600000, 0x0000000086600000|100%|HS|  |TAMS 0x0000000086500000, 0x0000000086500000| Complete 
| 102|0x0000000086600000, 0x0000000086700000, 0x0000000086700000|100%| O|  |TAMS 0x0000000086600000, 0x0000000086600000| Untracked 
| 103|0x0000000086700000, 0x0000000086800000, 0x0000000086800000|100%| O|  |TAMS 0x0000000086700000, 0x0000000086700000| Untracked 
| 104|0x0000000086800000, 0x0000000086900000, 0x0000000086900000|100%| O|  |TAMS 0x0000000086800000, 0x0000000086800000| Untracked 
| 105|0x0000000086900000, 0x0000000086a00000, 0x0000000086a00000|100%| O|  |TAMS 0x0000000086900000, 0x0000000086900000| Untracked 
| 106|0x0000000086a00000, 0x0000000086b00000, 0x0000000086b00000|100%| O|  |TAMS 0x0000000086a00000, 0x0000000086a00000| Untracked 
| 107|0x0000000086b00000, 0x0000000086c00000, 0x0000000086c00000|100%| O|  |TAMS 0x0000000086b00000, 0x0000000086b00000| Untracked 
| 108|0x0000000086c00000, 0x0000000086d00000, 0x0000000086d00000|100%| O|  |TAMS 0x0000000086c00000, 0x0000000086c00000| Untracked 
| 109|0x0000000086d00000, 0x0000000086e00000, 0x0000000086e00000|100%| O|  |TAMS 0x0000000086d00000, 0x0000000086d00000| Untracked 
| 110|0x0000000086e00000, 0x0000000086f00000, 0x0000000086f00000|100%| O|  |TAMS 0x0000000086e00000, 0x0000000086e00000| Untracked 
| 111|0x0000000086f00000, 0x0000000087000000, 0x0000000087000000|100%| O|  |TAMS 0x0000000086f00000, 0x0000000086f00000| Untracked 
| 112|0x0000000087000000, 0x0000000087100000, 0x0000000087100000|100%| O|  |TAMS 0x0000000087000000, 0x0000000087000000| Untracked 
| 113|0x0000000087100000, 0x0000000087200000, 0x0000000087200000|100%| O|  |TAMS 0x0000000087100000, 0x0000000087100000| Untracked 
| 114|0x0000000087200000, 0x0000000087300000, 0x0000000087300000|100%| O|  |TAMS 0x0000000087200000, 0x0000000087200000| Untracked 
| 115|0x0000000087300000, 0x0000000087400000, 0x0000000087400000|100%| O|  |TAMS 0x0000000087300000, 0x0000000087300000| Untracked 
| 116|0x0000000087400000, 0x0000000087500000, 0x0000000087500000|100%| O|  |TAMS 0x0000000087400000, 0x0000000087400000| Untracked 
| 117|0x0000000087500000, 0x0000000087600000, 0x0000000087600000|100%| O|  |TAMS 0x0000000087500000, 0x0000000087500000| Untracked 
| 118|0x0000000087600000, 0x0000000087700000, 0x0000000087700000|100%| O|  |TAMS 0x0000000087600000, 0x0000000087600000| Untracked 
| 119|0x0000000087700000, 0x0000000087800000, 0x0000000087800000|100%| O|  |TAMS 0x0000000087700000, 0x0000000087700000| Untracked 
| 120|0x0000000087800000, 0x0000000087900000, 0x0000000087900000|100%| O|  |TAMS 0x0000000087800000, 0x0000000087800000| Untracked 
| 121|0x0000000087900000, 0x0000000087a00000, 0x0000000087a00000|100%| O|  |TAMS 0x0000000087900000, 0x0000000087900000| Untracked 
| 122|0x0000000087a00000, 0x0000000087b00000, 0x0000000087b00000|100%| O|  |TAMS 0x0000000087a00000, 0x0000000087a00000| Untracked 
| 123|0x0000000087b00000, 0x0000000087c00000, 0x0000000087c00000|100%| O|  |TAMS 0x0000000087b00000, 0x0000000087b00000| Untracked 
| 124|0x0000000087c00000, 0x0000000087d00000, 0x0000000087d00000|100%| O|  |TAMS 0x0000000087c00000, 0x0000000087c00000| Untracked 
| 125|0x0000000087d00000, 0x0000000087e00000, 0x0000000087e00000|100%| O|  |TAMS 0x0000000087d00000, 0x0000000087d00000| Untracked 
| 126|0x0000000087e00000, 0x0000000087f00000, 0x0000000087f00000|100%| O|  |TAMS 0x0000000087e00000, 0x0000000087e00000| Untracked 
| 127|0x0000000087f00000, 0x0000000088000000, 0x0000000088000000|100%| O|  |TAMS 0x0000000087f00000, 0x0000000087f00000| Untracked 
| 128|0x0000000088000000, 0x0000000088100000, 0x0000000088100000|100%| O|  |TAMS 0x0000000088000000, 0x0000000088000000| Untracked 
| 129|0x0000000088100000, 0x0000000088200000, 0x0000000088200000|100%| O|  |TAMS 0x0000000088100000, 0x0000000088100000| Untracked 
| 130|0x0000000088200000, 0x0000000088300000, 0x0000000088300000|100%| O|  |TAMS 0x0000000088200000, 0x0000000088200000| Untracked 
| 131|0x0000000088300000, 0x0000000088400000, 0x0000000088400000|100%| O|  |TAMS 0x0000000088300000, 0x0000000088300000| Untracked 
| 132|0x0000000088400000, 0x0000000088500000, 0x0000000088500000|100%| O|  |TAMS 0x0000000088400000, 0x0000000088400000| Untracked 
| 133|0x0000000088500000, 0x0000000088600000, 0x0000000088600000|100%| O|  |TAMS 0x0000000088500000, 0x0000000088500000| Untracked 
| 134|0x0000000088600000, 0x0000000088700000, 0x0000000088700000|100%| O|  |TAMS 0x0000000088600000, 0x0000000088600000| Untracked 
| 135|0x0000000088700000, 0x0000000088800000, 0x0000000088800000|100%| O|  |TAMS 0x0000000088700000, 0x0000000088700000| Untracked 
| 136|0x0000000088800000, 0x0000000088900000, 0x0000000088900000|100%| O|  |TAMS 0x0000000088800000, 0x0000000088800000| Untracked 
| 137|0x0000000088900000, 0x0000000088a00000, 0x0000000088a00000|100%| O|  |TAMS 0x0000000088900000, 0x0000000088900000| Untracked 
| 138|0x0000000088a00000, 0x0000000088b00000, 0x0000000088b00000|100%| O|  |TAMS 0x0000000088a00000, 0x0000000088a00000| Untracked 
| 139|0x0000000088b00000, 0x0000000088c00000, 0x0000000088c00000|100%| O|  |TAMS 0x0000000088b00000, 0x0000000088b00000| Untracked 
| 140|0x0000000088c00000, 0x0000000088d00000, 0x0000000088d00000|100%|HS|  |TAMS 0x0000000088c00000, 0x0000000088c00000| Complete 
| 141|0x0000000088d00000, 0x0000000088e00000, 0x0000000088e00000|100%| O|  |TAMS 0x0000000088d00000, 0x0000000088d00000| Untracked 
| 142|0x0000000088e00000, 0x0000000088f00000, 0x0000000088f00000|100%| O|  |TAMS 0x0000000088e00000, 0x0000000088e00000| Untracked 
| 143|0x0000000088f00000, 0x0000000089000000, 0x0000000089000000|100%| O|  |TAMS 0x0000000088f00000, 0x0000000088f00000| Untracked 
| 144|0x0000000089000000, 0x0000000089100000, 0x0000000089100000|100%| O|  |TAMS 0x0000000089000000, 0x0000000089000000| Untracked 
| 145|0x0000000089100000, 0x0000000089200000, 0x0000000089200000|100%| O|  |TAMS 0x0000000089100000, 0x0000000089100000| Untracked 
| 146|0x0000000089200000, 0x0000000089300000, 0x0000000089300000|100%| O|  |TAMS 0x0000000089200000, 0x0000000089200000| Untracked 
| 147|0x0000000089300000, 0x0000000089400000, 0x0000000089400000|100%| O|  |TAMS 0x0000000089300000, 0x0000000089300000| Untracked 
| 148|0x0000000089400000, 0x0000000089500000, 0x0000000089500000|100%| O|  |TAMS 0x0000000089400000, 0x0000000089400000| Untracked 
| 149|0x0000000089500000, 0x0000000089600000, 0x0000000089600000|100%| O|  |TAMS 0x0000000089500000, 0x0000000089500000| Untracked 
| 150|0x0000000089600000, 0x0000000089700000, 0x0000000089700000|100%| O|  |TAMS 0x0000000089600000, 0x0000000089600000| Untracked 
| 151|0x0000000089700000, 0x0000000089800000, 0x0000000089800000|100%| O|  |TAMS 0x0000000089700000, 0x0000000089700000| Untracked 
| 152|0x0000000089800000, 0x0000000089900000, 0x0000000089900000|100%| O|  |TAMS 0x0000000089800000, 0x0000000089800000| Untracked 
| 153|0x0000000089900000, 0x0000000089a00000, 0x0000000089a00000|100%| O|  |TAMS 0x0000000089900000, 0x0000000089900000| Untracked 
| 154|0x0000000089a00000, 0x0000000089b00000, 0x0000000089b00000|100%| O|  |TAMS 0x0000000089a00000, 0x0000000089a00000| Untracked 
| 155|0x0000000089b00000, 0x0000000089c00000, 0x0000000089c00000|100%| O|  |TAMS 0x0000000089b00000, 0x0000000089b00000| Untracked 
| 156|0x0000000089c00000, 0x0000000089d00000, 0x0000000089d00000|100%| O|  |TAMS 0x0000000089c00000, 0x0000000089c00000| Untracked 
| 157|0x0000000089d00000, 0x0000000089e00000, 0x0000000089e00000|100%| O|  |TAMS 0x0000000089d00000, 0x0000000089d00000| Untracked 
| 158|0x0000000089e00000, 0x0000000089f00000, 0x0000000089f00000|100%| O|  |TAMS 0x0000000089e00000, 0x0000000089e00000| Untracked 
| 159|0x0000000089f00000, 0x000000008a000000, 0x000000008a000000|100%| O|  |TAMS 0x0000000089f00000, 0x0000000089f00000| Untracked 
| 160|0x000000008a000000, 0x000000008a100000, 0x000000008a100000|100%| O|  |TAMS 0x000000008a000000, 0x000000008a000000| Untracked 
| 161|0x000000008a100000, 0x000000008a200000, 0x000000008a200000|100%| O|  |TAMS 0x000000008a100000, 0x000000008a100000| Untracked 
| 162|0x000000008a200000, 0x000000008a300000, 0x000000008a300000|100%| O|  |TAMS 0x000000008a200000, 0x000000008a200000| Untracked 
| 163|0x000000008a300000, 0x000000008a400000, 0x000000008a400000|100%| O|  |TAMS 0x000000008a300000, 0x000000008a300000| Untracked 
| 164|0x000000008a400000, 0x000000008a500000, 0x000000008a500000|100%| O|  |TAMS 0x000000008a400000, 0x000000008a400000| Untracked 
| 165|0x000000008a500000, 0x000000008a600000, 0x000000008a600000|100%| O|  |TAMS 0x000000008a500000, 0x000000008a500000| Untracked 
| 166|0x000000008a600000, 0x000000008a700000, 0x000000008a700000|100%| O|  |TAMS 0x000000008a600000, 0x000000008a600000| Untracked 
| 167|0x000000008a700000, 0x000000008a800000, 0x000000008a800000|100%| O|  |TAMS 0x000000008a700000, 0x000000008a700000| Untracked 
| 168|0x000000008a800000, 0x000000008a900000, 0x000000008a900000|100%| O|  |TAMS 0x000000008a800000, 0x000000008a800000| Untracked 
| 169|0x000000008a900000, 0x000000008aa00000, 0x000000008aa00000|100%| O|  |TAMS 0x000000008a900000, 0x000000008a900000| Untracked 
| 170|0x000000008aa00000, 0x000000008ab00000, 0x000000008ab00000|100%| O|  |TAMS 0x000000008aa00000, 0x000000008aa00000| Untracked 
| 171|0x000000008ab00000, 0x000000008ac00000, 0x000000008ac00000|100%| O|  |TAMS 0x000000008ab00000, 0x000000008ab00000| Untracked 
| 172|0x000000008ac00000, 0x000000008ad00000, 0x000000008ad00000|100%| O|  |TAMS 0x000000008ac00000, 0x000000008ac00000| Untracked 
| 173|0x000000008ad00000, 0x000000008ae00000, 0x000000008ae00000|100%| O|  |TAMS 0x000000008ad00000, 0x000000008ad00000| Untracked 
| 174|0x000000008ae00000, 0x000000008ae9c000, 0x000000008af00000| 60%| O|  |TAMS 0x000000008ae00000, 0x000000008ae00000| Untracked 
| 175|0x000000008af00000, 0x000000008af00000, 0x000000008b000000|  0%| F|  |TAMS 0x000000008af00000, 0x000000008af00000| Untracked 
| 176|0x000000008b000000, 0x000000008b000000, 0x000000008b100000|  0%| F|  |TAMS 0x000000008b000000, 0x000000008b000000| Untracked 
| 177|0x000000008b100000, 0x000000008b100000, 0x000000008b200000|  0%| F|  |TAMS 0x000000008b100000, 0x000000008b100000| Untracked 
| 178|0x000000008b200000, 0x000000008b200000, 0x000000008b300000|  0%| F|  |TAMS 0x000000008b200000, 0x000000008b200000| Untracked 
| 179|0x000000008b300000, 0x000000008b300000, 0x000000008b400000|  0%| F|  |TAMS 0x000000008b300000, 0x000000008b300000| Untracked 
| 180|0x000000008b400000, 0x000000008b400000, 0x000000008b500000|  0%| F|  |TAMS 0x000000008b400000, 0x000000008b400000| Untracked 
| 181|0x000000008b500000, 0x000000008b500000, 0x000000008b600000|  0%| F|  |TAMS 0x000000008b500000, 0x000000008b500000| Untracked 
| 182|0x000000008b600000, 0x000000008b600000, 0x000000008b700000|  0%| F|  |TAMS 0x000000008b600000, 0x000000008b600000| Untracked 
| 183|0x000000008b700000, 0x000000008b700000, 0x000000008b800000|  0%| F|  |TAMS 0x000000008b700000, 0x000000008b700000| Untracked 
| 184|0x000000008b800000, 0x000000008b800000, 0x000000008b900000|  0%| F|  |TAMS 0x000000008b800000, 0x000000008b800000| Untracked 
| 185|0x000000008b900000, 0x000000008b900000, 0x000000008ba00000|  0%| F|  |TAMS 0x000000008b900000, 0x000000008b900000| Untracked 
| 186|0x000000008ba00000, 0x000000008ba00000, 0x000000008bb00000|  0%| F|  |TAMS 0x000000008ba00000, 0x000000008ba00000| Untracked 
| 187|0x000000008bb00000, 0x000000008bb00000, 0x000000008bc00000|  0%| F|  |TAMS 0x000000008bb00000, 0x000000008bb00000| Untracked 
| 188|0x000000008bc00000, 0x000000008bc00000, 0x000000008bd00000|  0%| F|  |TAMS 0x000000008bc00000, 0x000000008bc00000| Untracked 
| 189|0x000000008bd00000, 0x000000008bd00000, 0x000000008be00000|  0%| F|  |TAMS 0x000000008bd00000, 0x000000008bd00000| Untracked 
| 190|0x000000008be00000, 0x000000008be00000, 0x000000008bf00000|  0%| F|  |TAMS 0x000000008be00000, 0x000000008be00000| Untracked 
| 191|0x000000008bf00000, 0x000000008bf00000, 0x000000008c000000|  0%| F|  |TAMS 0x000000008bf00000, 0x000000008bf00000| Untracked 
| 192|0x000000008c000000, 0x000000008c000000, 0x000000008c100000|  0%| F|  |TAMS 0x000000008c000000, 0x000000008c000000| Untracked 
| 193|0x000000008c100000, 0x000000008c100000, 0x000000008c200000|  0%| F|  |TAMS 0x000000008c100000, 0x000000008c100000| Untracked 
| 194|0x000000008c200000, 0x000000008c200000, 0x000000008c300000|  0%| F|  |TAMS 0x000000008c200000, 0x000000008c200000| Untracked 
| 195|0x000000008c300000, 0x000000008c300000, 0x000000008c400000|  0%| F|  |TAMS 0x000000008c300000, 0x000000008c300000| Untracked 
| 196|0x000000008c400000, 0x000000008c400000, 0x000000008c500000|  0%| F|  |TAMS 0x000000008c400000, 0x000000008c400000| Untracked 
| 197|0x000000008c500000, 0x000000008c500000, 0x000000008c600000|  0%| F|  |TAMS 0x000000008c500000, 0x000000008c500000| Untracked 
| 198|0x000000008c600000, 0x000000008c600000, 0x000000008c700000|  0%| F|  |TAMS 0x000000008c600000, 0x000000008c600000| Untracked 
| 199|0x000000008c700000, 0x000000008c700000, 0x000000008c800000|  0%| F|  |TAMS 0x000000008c700000, 0x000000008c700000| Untracked 
| 200|0x000000008c800000, 0x000000008c800000, 0x000000008c900000|  0%| F|  |TAMS 0x000000008c800000, 0x000000008c800000| Untracked 
| 201|0x000000008c900000, 0x000000008c900000, 0x000000008ca00000|  0%| F|  |TAMS 0x000000008c900000, 0x000000008c900000| Untracked 
| 202|0x000000008ca00000, 0x000000008ca00000, 0x000000008cb00000|  0%| F|  |TAMS 0x000000008ca00000, 0x000000008ca00000| Untracked 
| 203|0x000000008cb00000, 0x000000008cc00000, 0x000000008cc00000|100%| S|CS|TAMS 0x000000008cb00000, 0x000000008cb00000| Complete 
| 204|0x000000008cc00000, 0x000000008cd00000, 0x000000008cd00000|100%| S|CS|TAMS 0x000000008cc00000, 0x000000008cc00000| Complete 
| 205|0x000000008cd00000, 0x000000008cd00000, 0x000000008ce00000|  0%| F|  |TAMS 0x000000008cd00000, 0x000000008cd00000| Untracked 
| 206|0x000000008ce00000, 0x000000008cf00000, 0x000000008cf00000|100%| S|CS|TAMS 0x000000008ce00000, 0x000000008ce00000| Complete 
| 207|0x000000008cf00000, 0x000000008d000000, 0x000000008d000000|100%| S|CS|TAMS 0x000000008cf00000, 0x000000008cf00000| Complete 
| 208|0x000000008d000000, 0x000000008d000000, 0x000000008d100000|  0%| F|  |TAMS 0x000000008d000000, 0x000000008d000000| Untracked 
| 209|0x000000008d100000, 0x000000008d100000, 0x000000008d200000|  0%| F|  |TAMS 0x000000008d100000, 0x000000008d100000| Untracked 
| 210|0x000000008d200000, 0x000000008d200000, 0x000000008d300000|  0%| F|  |TAMS 0x000000008d200000, 0x000000008d200000| Untracked 
| 211|0x000000008d300000, 0x000000008d300000, 0x000000008d400000|  0%| F|  |TAMS 0x000000008d300000, 0x000000008d300000| Untracked 
| 212|0x000000008d400000, 0x000000008d4fa920, 0x000000008d500000| 97%| E|  |TAMS 0x000000008d400000, 0x000000008d400000| Complete 
| 213|0x000000008d500000, 0x000000008d600000, 0x000000008d600000|100%| E|CS|TAMS 0x000000008d500000, 0x000000008d500000| Complete 
| 214|0x000000008d600000, 0x000000008d700000, 0x000000008d700000|100%| E|CS|TAMS 0x000000008d600000, 0x000000008d600000| Complete 
| 215|0x000000008d700000, 0x000000008d800000, 0x000000008d800000|100%| E|CS|TAMS 0x000000008d700000, 0x000000008d700000| Complete 
| 216|0x000000008d800000, 0x000000008d900000, 0x000000008d900000|100%| E|CS|TAMS 0x000000008d800000, 0x000000008d800000| Complete 
| 217|0x000000008d900000, 0x000000008da00000, 0x000000008da00000|100%| E|CS|TAMS 0x000000008d900000, 0x000000008d900000| Complete 
| 218|0x000000008da00000, 0x000000008db00000, 0x000000008db00000|100%| E|CS|TAMS 0x000000008da00000, 0x000000008da00000| Complete 
| 219|0x000000008db00000, 0x000000008dc00000, 0x000000008dc00000|100%| E|CS|TAMS 0x000000008db00000, 0x000000008db00000| Complete 
| 220|0x000000008dc00000, 0x000000008dd00000, 0x000000008dd00000|100%| E|CS|TAMS 0x000000008dc00000, 0x000000008dc00000| Complete 
| 221|0x000000008dd00000, 0x000000008de00000, 0x000000008de00000|100%| E|CS|TAMS 0x000000008dd00000, 0x000000008dd00000| Complete 
| 222|0x000000008de00000, 0x000000008df00000, 0x000000008df00000|100%| E|CS|TAMS 0x000000008de00000, 0x000000008de00000| Complete 
| 223|0x000000008df00000, 0x000000008e000000, 0x000000008e000000|100%| E|CS|TAMS 0x000000008df00000, 0x000000008df00000| Complete 
| 224|0x000000008e000000, 0x000000008e100000, 0x000000008e100000|100%| E|CS|TAMS 0x000000008e000000, 0x000000008e000000| Complete 
| 225|0x000000008e100000, 0x000000008e200000, 0x000000008e200000|100%| E|CS|TAMS 0x000000008e100000, 0x000000008e100000| Complete 
| 226|0x000000008e200000, 0x000000008e300000, 0x000000008e300000|100%| E|CS|TAMS 0x000000008e200000, 0x000000008e200000| Complete 
| 227|0x000000008e300000, 0x000000008e400000, 0x000000008e400000|100%| E|CS|TAMS 0x000000008e300000, 0x000000008e300000| Complete 
| 228|0x000000008e400000, 0x000000008e500000, 0x000000008e500000|100%| E|CS|TAMS 0x000000008e400000, 0x000000008e400000| Complete 
| 229|0x000000008e500000, 0x000000008e600000, 0x000000008e600000|100%| E|CS|TAMS 0x000000008e500000, 0x000000008e500000| Complete 
| 230|0x000000008e600000, 0x000000008e700000, 0x000000008e700000|100%| E|CS|TAMS 0x000000008e600000, 0x000000008e600000| Complete 
| 231|0x000000008e700000, 0x000000008e800000, 0x000000008e800000|100%| E|CS|TAMS 0x000000008e700000, 0x000000008e700000| Complete 
| 232|0x000000008e800000, 0x000000008e900000, 0x000000008e900000|100%| E|CS|TAMS 0x000000008e800000, 0x000000008e800000| Complete 
| 233|0x000000008e900000, 0x000000008ea00000, 0x000000008ea00000|100%| E|CS|TAMS 0x000000008e900000, 0x000000008e900000| Complete 
| 234|0x000000008ea00000, 0x000000008eb00000, 0x000000008eb00000|100%| E|CS|TAMS 0x000000008ea00000, 0x000000008ea00000| Complete 
| 235|0x000000008eb00000, 0x000000008ec00000, 0x000000008ec00000|100%| E|CS|TAMS 0x000000008eb00000, 0x000000008eb00000| Complete 
| 236|0x000000008ec00000, 0x000000008ed00000, 0x000000008ed00000|100%| E|CS|TAMS 0x000000008ec00000, 0x000000008ec00000| Complete 
| 237|0x000000008ed00000, 0x000000008ee00000, 0x000000008ee00000|100%| E|CS|TAMS 0x000000008ed00000, 0x000000008ed00000| Complete 

Card table byte_map: [0x000001fecc7e0000,0x000001feccbe0000] _byte_map_base: 0x000001fecc3e0000

Marking Bits (Prev, Next): (CMBitMap*) 0x000001feb3b60980, (CMBitMap*) 0x000001feb3b60940
 Prev Bits: [0x000001fecefe0000, 0x000001fed0fe0000)
 Next Bits: [0x000001feccfe0000, 0x000001fecefe0000)

Polling page: 0x000001feb3940000

Metaspace:

Usage:
  Non-class:     86.38 MB used.
      Class:     14.02 MB used.
       Both:    100.40 MB used.

Virtual space:
  Non-class space:      128.00 MB reserved,      86.94 MB ( 68%) committed,  2 nodes.
      Class space:      416.00 MB reserved,      14.50 MB (  3%) committed,  1 nodes.
             Both:      544.00 MB reserved,     101.44 MB ( 19%) committed. 

Chunk freelists:
   Non-Class:  8.36 MB
       Class:  1.39 MB
        Both:  9.75 MB

MaxMetaspaceSize: 512.00 MB
CompressedClassSpaceSize: 416.00 MB
Initial GC threshold: 21.00 MB
Current GC threshold: 122.31 MB
CDS: on
MetaspaceReclaimPolicy: balanced
 - commit_granule_bytes: 65536.
 - commit_granule_words: 8192.
 - virtual_space_node_default_size: 8388608.
 - enlarge_chunks_in_place: 1.
 - new_chunks_are_fully_committed: 0.
 - uncommit_free_chunks: 1.
 - use_allocation_guard: 0.
 - handle_deallocations: 1.


Internal statistics:

num_allocs_failed_limit: 9.
num_arena_births: 1360.
num_arena_deaths: 0.
num_vsnodes_births: 3.
num_vsnodes_deaths: 0.
num_space_committed: 1623.
num_space_uncommitted: 0.
num_chunks_returned_to_freelist: 9.
num_chunks_taken_from_freelist: 5953.
num_chunk_merges: 9.
num_chunk_splits: 3799.
num_chunks_enlarged: 2405.
num_inconsistent_stats: 0.

CodeHeap 'non-profiled nmethods': size=120000Kb used=8768Kb max_used=8768Kb free=111231Kb
 bounds [0x000001fec4880000, 0x000001fec5120000, 0x000001fecbdb0000]
CodeHeap 'profiled nmethods': size=120000Kb used=26308Kb max_used=26308Kb free=93691Kb
 bounds [0x000001febcdb0000, 0x000001febe770000, 0x000001fec42e0000]
CodeHeap 'non-nmethods': size=5760Kb used=2417Kb max_used=2474Kb free=3342Kb
 bounds [0x000001fec42e0000, 0x000001fec4560000, 0x000001fec4880000]
 total_blobs=14083 nmethods=13133 adapters=861
 compilation: enabled
              stopped_count=0, restarted_count=0
 full_count=0

Compilation events (20 events):
Event: 198.654 Thread 0x000001fed359b430 nmethod 15315 0x000001fec5106910 code [0x000001fec5106c00, 0x000001fec5107f28]
Event: 198.654 Thread 0x000001fed359b430 15316       4       java.util.concurrent.FutureTask::awaitDone (214 bytes)
Event: 198.668 Thread 0x000001fed359b430 nmethod 15316 0x000001fec5108d90 code [0x000001fec5108f40, 0x000001fec51097d8]
Event: 198.668 Thread 0x000001fed359b430 15318       4       org.gradle.cache.internal.btree.KeyHasher$MessageDigestStream::getChecksum (41 bytes)
Event: 198.699 Thread 0x000001fed359b430 nmethod 15318 0x000001fec5109a10 code [0x000001fec5109c00, 0x000001fec510a7a8]
Event: 198.699 Thread 0x000001fed359b430 15321       4       sun.nio.fs.WindowsFileAttributes::isDirectory (25 bytes)
Event: 198.700 Thread 0x000001fed359b430 nmethod 15321 0x000001fec510b210 code [0x000001fec510b380, 0x000001fec510b438]
Event: 198.700 Thread 0x000001fed359b430 15319       4       sun.nio.fs.WindowsFileAttributes::lastModifiedTime (8 bytes)
Event: 198.702 Thread 0x000001fed359b430 nmethod 15319 0x000001fec510b510 code [0x000001fec510b6a0, 0x000001fec510b828]
Event: 198.703 Thread 0x000001fed359b430 15320   !   4       sun.nio.fs.WindowsFileAttributes::toFileTime (47 bytes)
Event: 198.705 Thread 0x000001fed359b430 nmethod 15320 0x000001fec510b990 code [0x000001fec510bb20, 0x000001fec510bc88]
Event: 198.705 Thread 0x000001fed359b430 15317       4       org.gradle.cache.internal.InMemoryDecoratedCache$$Lambda$511/0x000001fed5480498::call (12 bytes)
Event: 198.830 Thread 0x000001fed359b430 nmethod 15317 0x000001fec510be10 code [0x000001fec510c0c0, 0x000001fec510e0f0]
Event: 198.831 Thread 0x000001fed359b430 15323       4       java.util.concurrent.FutureTask::get (23 bytes)
Event: 198.845 Thread 0x000001fed359b430 nmethod 15323 0x000001fec510f010 code [0x000001fec510f1c0, 0x000001fec510f9d8]
Event: 198.846 Thread 0x000001fed359b430 15324       4       java.util.concurrent.FutureTask::report (37 bytes)
Event: 198.846 Thread 0x000001fed359b430 nmethod 15324 0x000001fec510fc90 code [0x000001fec510fe00, 0x000001fec510fe98]
Event: 198.846 Thread 0x000001fed359b430 15322       4       com.google.common.cache.LocalCache$LoadingValueReference::get (10 bytes)
Event: 198.847 Thread 0x000001fed359b430 nmethod 15322 0x000001fec510ff90 code [0x000001fec5110100, 0x000001fec51101b8]
Event: 198.848 Thread 0x000001fed359b430 15325   !   4       org.gradle.cache.internal.DefaultMultiProcessSafeIndexedCache::getIfPresent (25 bytes)

GC Heap History (20 events):
Event: 179.916 GC heap before
{Heap before GC invocations=67 (full 0):
 garbage-first heap   total 202752K, used 169799K [0x0000000080000000, 0x0000000100000000)
  region size 1024K, 32 young (32768K), 5 survivors (5120K)
 Metaspace       used 95226K, committed 96128K, reserved 557056K
  class space    used 13402K, committed 13824K, reserved 425984K
}
Event: 179.944 GC heap after
{Heap after GC invocations=68 (full 0):
 garbage-first heap   total 202752K, used 147456K [0x0000000080000000, 0x0000000100000000)
  region size 1024K, 4 young (4096K), 4 survivors (4096K)
 Metaspace       used 95226K, committed 96128K, reserved 557056K
  class space    used 13402K, committed 13824K, reserved 425984K
}
Event: 181.379 GC heap before
{Heap before GC invocations=68 (full 0):
 garbage-first heap   total 202752K, used 172032K [0x0000000080000000, 0x0000000100000000)
  region size 1024K, 27 young (27648K), 4 survivors (4096K)
 Metaspace       used 95506K, committed 96448K, reserved 557056K
  class space    used 13435K, committed 13888K, reserved 425984K
}
Event: 181.407 GC heap after
{Heap after GC invocations=69 (full 0):
 garbage-first heap   total 202752K, used 152149K [0x0000000080000000, 0x0000000100000000)
  region size 1024K, 4 young (4096K), 4 survivors (4096K)
 Metaspace       used 95506K, committed 96448K, reserved 557056K
  class space    used 13435K, committed 13888K, reserved 425984K
}
Event: 182.695 GC heap before
{Heap before GC invocations=69 (full 0):
 garbage-first heap   total 202752K, used 172629K [0x0000000080000000, 0x0000000100000000)
  region size 1024K, 24 young (24576K), 4 survivors (4096K)
 Metaspace       used 95660K, committed 96576K, reserved 557056K
  class space    used 13451K, committed 13888K, reserved 425984K
}
Event: 182.716 GC heap after
{Heap after GC invocations=70 (full 0):
 garbage-first heap   total 243712K, used 159408K [0x0000000080000000, 0x0000000100000000)
  region size 1024K, 3 young (3072K), 3 survivors (3072K)
 Metaspace       used 95660K, committed 96576K, reserved 557056K
  class space    used 13451K, committed 13888K, reserved 425984K
}
Event: 185.147 GC heap before
{Heap before GC invocations=70 (full 0):
 garbage-first heap   total 243712K, used 198320K [0x0000000080000000, 0x0000000100000000)
  region size 1024K, 41 young (41984K), 3 survivors (3072K)
 Metaspace       used 97552K, committed 98560K, reserved 557056K
  class space    used 13723K, committed 14208K, reserved 425984K
}
Event: 185.167 GC heap after
{Heap after GC invocations=71 (full 0):
 garbage-first heap   total 243712K, used 163636K [0x0000000080000000, 0x0000000100000000)
  region size 1024K, 6 young (6144K), 6 survivors (6144K)
 Metaspace       used 97552K, committed 98560K, reserved 557056K
  class space    used 13723K, committed 14208K, reserved 425984K
}
Event: 187.732 GC heap before
{Heap before GC invocations=71 (full 0):
 garbage-first heap   total 243712K, used 200500K [0x0000000080000000, 0x0000000100000000)
  region size 1024K, 42 young (43008K), 6 survivors (6144K)
 Metaspace       used 100693K, committed 101760K, reserved 557056K
  class space    used 14136K, committed 14656K, reserved 425984K
}
Event: 187.751 GC heap after
{Heap after GC invocations=72 (full 0):
 garbage-first heap   total 243712K, used 167296K [0x0000000080000000, 0x0000000100000000)
  region size 1024K, 4 young (4096K), 4 survivors (4096K)
 Metaspace       used 100693K, committed 101760K, reserved 557056K
  class space    used 14136K, committed 14656K, reserved 425984K
}
Event: 190.259 GC heap before
{Heap before GC invocations=72 (full 0):
 garbage-first heap   total 243712K, used 203136K [0x0000000080000000, 0x0000000100000000)
  region size 1024K, 39 young (39936K), 4 survivors (4096K)
 Metaspace       used 101406K, committed 102464K, reserved 557056K
  class space    used 14206K, committed 14720K, reserved 425984K
}
Event: 190.285 GC heap after
{Heap after GC invocations=73 (full 0):
 garbage-first heap   total 243712K, used 171729K [0x0000000080000000, 0x0000000100000000)
  region size 1024K, 5 young (5120K), 5 survivors (5120K)
 Metaspace       used 101406K, committed 102464K, reserved 557056K
  class space    used 14206K, committed 14720K, reserved 425984K
}
Event: 191.972 GC heap before
{Heap before GC invocations=73 (full 0):
 garbage-first heap   total 243712K, used 204497K [0x0000000080000000, 0x0000000100000000)
  region size 1024K, 37 young (37888K), 5 survivors (5120K)
 Metaspace       used 101628K, committed 102656K, reserved 557056K
  class space    used 14221K, committed 14720K, reserved 425984K
}
Event: 191.992 GC heap after
{Heap after GC invocations=74 (full 0):
 garbage-first heap   total 243712K, used 175831K [0x0000000080000000, 0x0000000100000000)
  region size 1024K, 4 young (4096K), 4 survivors (4096K)
 Metaspace       used 101628K, committed 102656K, reserved 557056K
  class space    used 14221K, committed 14720K, reserved 425984K
}
Event: 194.363 GC heap before
{Heap before GC invocations=74 (full 0):
 garbage-first heap   total 243712K, used 206551K [0x0000000080000000, 0x0000000100000000)
  region size 1024K, 34 young (34816K), 4 survivors (4096K)
 Metaspace       used 102329K, committed 103360K, reserved 557056K
  class space    used 14304K, committed 14784K, reserved 425984K
}
Event: 194.383 GC heap after
{Heap after GC invocations=75 (full 0):
 garbage-first heap   total 243712K, used 178152K [0x0000000080000000, 0x0000000100000000)
  region size 1024K, 3 young (3072K), 3 survivors (3072K)
 Metaspace       used 102329K, committed 103360K, reserved 557056K
  class space    used 14304K, committed 14784K, reserved 425984K
}
Event: 196.896 GC heap before
{Heap before GC invocations=75 (full 0):
 garbage-first heap   total 243712K, used 206824K [0x0000000080000000, 0x0000000100000000)
  region size 1024K, 32 young (32768K), 3 survivors (3072K)
 Metaspace       used 102705K, committed 103744K, reserved 557056K
  class space    used 14348K, committed 14848K, reserved 425984K
}
Event: 196.908 GC heap after
{Heap after GC invocations=76 (full 0):
 garbage-first heap   total 243712K, used 179624K [0x0000000080000000, 0x0000000100000000)
  region size 1024K, 2 young (2048K), 2 survivors (2048K)
 Metaspace       used 102705K, committed 103744K, reserved 557056K
  class space    used 14348K, committed 14848K, reserved 425984K
}
Event: 198.088 GC heap before
{Heap before GC invocations=76 (full 0):
 garbage-first heap   total 243712K, used 208296K [0x0000000080000000, 0x0000000100000000)
  region size 1024K, 31 young (31744K), 2 survivors (2048K)
 Metaspace       used 102811K, committed 103872K, reserved 557056K
  class space    used 14353K, committed 14848K, reserved 425984K
}
Event: 198.104 GC heap after
{Heap after GC invocations=77 (full 0):
 garbage-first heap   total 243712K, used 182896K [0x0000000080000000, 0x0000000100000000)
  region size 1024K, 4 young (4096K), 4 survivors (4096K)
 Metaspace       used 102811K, committed 103872K, reserved 557056K
  class space    used 14353K, committed 14848K, reserved 425984K
}

Dll operation events (14 events):
Event: 0.022 Loaded shared library C:\Program Files\Microsoft\jdk-17.0.8.7-hotspot\bin\java.dll
Event: 0.074 Loaded shared library C:\Program Files\Microsoft\jdk-17.0.8.7-hotspot\bin\jsvml.dll
Event: 0.284 Loaded shared library C:\Program Files\Microsoft\jdk-17.0.8.7-hotspot\bin\zip.dll
Event: 0.292 Loaded shared library C:\Program Files\Microsoft\jdk-17.0.8.7-hotspot\bin\instrument.dll
Event: 0.308 Loaded shared library C:\Program Files\Microsoft\jdk-17.0.8.7-hotspot\bin\net.dll
Event: 0.312 Loaded shared library C:\Program Files\Microsoft\jdk-17.0.8.7-hotspot\bin\nio.dll
Event: 0.328 Loaded shared library C:\Program Files\Microsoft\jdk-17.0.8.7-hotspot\bin\zip.dll
Event: 1.231 Loaded shared library C:\Program Files\Microsoft\jdk-17.0.8.7-hotspot\bin\jimage.dll
Event: 1.611 Loaded shared library C:\Program Files\Microsoft\jdk-17.0.8.7-hotspot\bin\verify.dll
Event: 2.416 Loaded shared library C:\Users\anoop\.gradle\native\68d5fa5c4cc2d200863cafc0d521ce42e7d3e7ee720ec0a83991735586a16f82\windows-amd64\native-platform.dll
Event: 2.428 Loaded shared library C:\Users\anoop\.gradle\native\e376f236ea51e6404a007f0833ffe2c6e607c4080706a723a18a27aeea778392\windows-amd64\native-platform-file-events.dll
Event: 6.751 Loaded shared library C:\Program Files\Microsoft\jdk-17.0.8.7-hotspot\bin\management.dll
Event: 6.761 Loaded shared library C:\Program Files\Microsoft\jdk-17.0.8.7-hotspot\bin\management_ext.dll
Event: 9.518 Loaded shared library C:\Program Files\Microsoft\jdk-17.0.8.7-hotspot\bin\sunmscapi.dll

Deoptimization events (20 events):
Event: 196.594 Thread 0x000001fef72a4630 Uncommon trap: trap_request=0xffffffbe fr.pc=0x000001fec50af66c relative=0x000000000000182c
Event: 196.594 Thread 0x000001fef72a4630 Uncommon trap: reason=profile_predicate action=maybe_recompile pc=0x000001fec50af66c method=org.gradle.internal.file.FileHierarchySet$Node.contains(Ljava/lang/String;I)Z @ 69 c2
Event: 196.594 Thread 0x000001fef72a4630 DEOPT PACKING pc=0x000001fec50af66c sp=0x00000001048fb770
Event: 196.594 Thread 0x000001fef72a4630 DEOPT UNPACKING pc=0x000001fec43369a3 sp=0x00000001048fb740 mode 2
Event: 196.598 Thread 0x000001fef72a4630 Uncommon trap: trap_request=0xffffffc6 fr.pc=0x000001fec4ece9c0 relative=0x00000000000000a0
Event: 196.598 Thread 0x000001fef72a4630 Uncommon trap: reason=bimorphic_or_optimized_type_check action=maybe_recompile pc=0x000001fec4ece9c0 method=org.gradle.execution.plan.ActionNode.hasPendingPreExecutionNodes()Z @ 11 c2
Event: 196.598 Thread 0x000001fef72a4630 DEOPT PACKING pc=0x000001fec4ece9c0 sp=0x00000001048feca0
Event: 196.598 Thread 0x000001fef72a4630 DEOPT UNPACKING pc=0x000001fec43369a3 sp=0x00000001048fec28 mode 2
Event: 196.819 Thread 0x000001fef72a4630 Uncommon trap: trap_request=0xffffffc6 fr.pc=0x000001fec4ece9c0 relative=0x00000000000000a0
Event: 196.819 Thread 0x000001fef72a4630 Uncommon trap: reason=bimorphic_or_optimized_type_check action=maybe_recompile pc=0x000001fec4ece9c0 method=org.gradle.execution.plan.ActionNode.hasPendingPreExecutionNodes()Z @ 11 c2
Event: 196.819 Thread 0x000001fef72a4630 DEOPT PACKING pc=0x000001fec4ece9c0 sp=0x00000001048feca0
Event: 196.819 Thread 0x000001fef72a4630 DEOPT UNPACKING pc=0x000001fec43369a3 sp=0x00000001048fec28 mode 2
Event: 196.873 Thread 0x000001fef72a9220 Uncommon trap: trap_request=0xffffffc6 fr.pc=0x000001fec4ece9c0 relative=0x00000000000000a0
Event: 196.873 Thread 0x000001fef72a9220 Uncommon trap: reason=bimorphic_or_optimized_type_check action=maybe_recompile pc=0x000001fec4ece9c0 method=org.gradle.execution.plan.ActionNode.hasPendingPreExecutionNodes()Z @ 11 c2
Event: 196.873 Thread 0x000001fef72a9220 DEOPT PACKING pc=0x000001fec4ece9c0 sp=0x00000001047feb20
Event: 196.873 Thread 0x000001fef72a9220 DEOPT UNPACKING pc=0x000001fec43369a3 sp=0x00000001047feaa8 mode 2
Event: 196.912 Thread 0x000001fef72a9220 Uncommon trap: trap_request=0xffffffc6 fr.pc=0x000001fec4ece9c0 relative=0x00000000000000a0
Event: 196.912 Thread 0x000001fef72a9220 Uncommon trap: reason=bimorphic_or_optimized_type_check action=maybe_recompile pc=0x000001fec4ece9c0 method=org.gradle.execution.plan.ActionNode.hasPendingPreExecutionNodes()Z @ 11 c2
Event: 196.912 Thread 0x000001fef72a9220 DEOPT PACKING pc=0x000001fec4ece9c0 sp=0x00000001047feb20
Event: 196.912 Thread 0x000001fef72a9220 DEOPT UNPACKING pc=0x000001fec43369a3 sp=0x00000001047feaa8 mode 2

Classes unloaded (0 events):
No events

Classes redefined (0 events):
No events

Internal exceptions (20 events):
Event: 186.340 Thread 0x000001fef45c14c0 Exception <a 'sun/nio/fs/WindowsException'{0x000000008dcb80f8}> (0x000000008dcb80f8) 
thrown [s\src\hotspot\share\prims\jni.cpp, line 516]
Event: 186.340 Thread 0x000001fef45c14c0 Exception <a 'sun/nio/fs/WindowsException'{0x000000008dcb9788}> (0x000000008dcb9788) 
thrown [s\src\hotspot\share\prims\jni.cpp, line 516]
Event: 187.752 Thread 0x000001fed357f880 Implicit null exception at 0x000001fec4e9207d to 0x000001fec4e9267c
Event: 189.317 Thread 0x000001fef45c14c0 Exception <a 'java/lang/IncompatibleClassChangeError'{0x000000008dbd88a8}: Found class java.lang.Object, but interface was expected> (0x000000008dbd88a8) 
thrown [s\src\hotspot\share\interpreter\linkResolver.cpp, line 826]
Event: 189.769 Thread 0x000001fef45c14c0 Exception <a 'sun/nio/fs/WindowsException'{0x000000008d3ee128}> (0x000000008d3ee128) 
thrown [s\src\hotspot\share\prims\jni.cpp, line 516]
Event: 189.770 Thread 0x000001fef45c14c0 Exception <a 'sun/nio/fs/WindowsException'{0x000000008d3ef768}> (0x000000008d3ef768) 
thrown [s\src\hotspot\share\prims\jni.cpp, line 516]
Event: 189.770 Thread 0x000001fef45c14c0 Exception <a 'sun/nio/fs/WindowsException'{0x000000008d3f0df8}> (0x000000008d3f0df8) 
thrown [s\src\hotspot\share\prims\jni.cpp, line 516]
Event: 189.770 Thread 0x000001fef45c14c0 Exception <a 'sun/nio/fs/WindowsException'{0x000000008d3f2488}> (0x000000008d3f2488) 
thrown [s\src\hotspot\share\prims\jni.cpp, line 516]
Event: 192.329 Thread 0x000001fef77624f0 Exception <a 'java/lang/NoSuchMethodError'{0x000000008e677d30}: 'void java.lang.invoke.DirectMethodHandle$Holder.invokeStatic(java.lang.Object, java.lang.Object, java.lang.Object, java.lang.Object, int, java.lang.Object, java.lang.Object)'> (0x000000008e677d30) 
thrown [s\src\hotspot\share\interpreter\linkResolver.cpp, line 759]
Event: 192.599 Thread 0x000001fef7769960 Exception <a 'java/lang/NoSuchMethodError'{0x000000008e3b89b8}: 'java.lang.Object java.lang.invoke.DirectMethodHandle$Holder.invokeSpecialIFC(java.lang.Object, java.lang.Object, java.lang.Object)'> (0x000000008e3b89b8) 
thrown [s\src\hotspot\share\interpreter\linkResolver.cpp, line 759]
Event: 192.600 Thread 0x000001fef7761fe0 Exception <a 'java/lang/NoSuchMethodError'{0x000000008e383590}: 'java.lang.Object java.lang.invoke.DirectMethodHandle$Holder.invokeSpecialIFC(java.lang.Object, java.lang.Object, java.lang.Object)'> (0x000000008e383590) 
thrown [s\src\hotspot\share\interpreter\linkResolver.cpp, line 759]
Event: 192.601 Thread 0x000001fef7762a00 Exception <a 'java/lang/NoSuchMethodError'{0x000000008e320b80}: 'java.lang.Object java.lang.invoke.DirectMethodHandle$Holder.invokeSpecialIFC(java.lang.Object, java.lang.Object, java.lang.Object)'> (0x000000008e320b80) 
thrown [s\src\hotspot\share\interpreter\linkResolver.cpp, line 759]
Event: 193.178 Thread 0x000001fef7769960 Exception <a 'java/lang/NoSuchMethodError'{0x000000008ddf2be8}: 'void java.lang.invoke.DirectMethodHandle$Holder.invokeVirtual(java.lang.Object, java.lang.Object)'> (0x000000008ddf2be8) 
thrown [s\src\hotspot\share\interpreter\linkResolver.cpp, line 759]
Event: 196.128 Thread 0x000001fef72a4630 Exception <a 'java/lang/ClassNotFoundException'{0x000000008d498290}: groovy/util/FileTreeBuilderBeanInfo> (0x000000008d498290) 
thrown [s\src\hotspot\share\classfile\systemDictionary.cpp, line 256]
Event: 196.140 Thread 0x000001fef72a4630 Exception <a 'java/lang/ClassNotFoundException'{0x000000008d4fddf0}: groovy/util/FileTreeBuilderCustomizer> (0x000000008d4fddf0) 
thrown [s\src\hotspot\share\classfile\systemDictionary.cpp, line 256]
Event: 196.289 Thread 0x000001fef72a4630 Exception <a 'java/lang/ClassNotFoundException'{0x000000008d337f78}: java/io/BufferedWriterBeanInfo> (0x000000008d337f78) 
thrown [s\src\hotspot\share\classfile\systemDictionary.cpp, line 256]
Event: 196.290 Thread 0x000001fef72a4630 Exception <a 'java/lang/ClassNotFoundException'{0x000000008d33d920}: java/io/WriterBeanInfo> (0x000000008d33d920) 
thrown [s\src\hotspot\share\classfile\systemDictionary.cpp, line 256]
Event: 196.290 Thread 0x000001fef72a4630 Exception <a 'java/lang/ClassNotFoundException'{0x000000008d343550}: java/io/WriterCustomizer> (0x000000008d343550) 
thrown [s\src\hotspot\share\classfile\systemDictionary.cpp, line 256]
Event: 196.292 Thread 0x000001fef72a4630 Exception <a 'java/lang/ClassNotFoundException'{0x000000008d352278}: java/io/BufferedWriterCustomizer> (0x000000008d352278) 
thrown [s\src\hotspot\share\classfile\systemDictionary.cpp, line 256]
Event: 196.560 Thread 0x000001fef72a4630 Exception <a 'java/lang/NoSuchMethodError'{0x000000008d3f2080}: static Lcom/android/build/api/variant/BuildConfigField;.<clinit>()V> (0x000000008d3f2080) 
thrown [s\src\hotspot\share\prims\jni.cpp, line 1107]

VM Operations (20 events):
Event: 192.665 Executing VM operation: HandshakeAllThreads
Event: 192.665 Executing VM operation: HandshakeAllThreads done
Event: 192.671 Executing VM operation: HandshakeAllThreads
Event: 192.671 Executing VM operation: HandshakeAllThreads done
Event: 192.975 Executing VM operation: ICBufferFull
Event: 192.976 Executing VM operation: ICBufferFull done
Event: 193.987 Executing VM operation: Cleanup
Event: 193.996 Executing VM operation: Cleanup done
Event: 194.350 Executing VM operation: G1CollectForAllocation
Event: 194.387 Executing VM operation: G1CollectForAllocation done
Event: 195.401 Executing VM operation: Cleanup
Event: 195.420 Executing VM operation: Cleanup done
Event: 196.428 Executing VM operation: Cleanup
Event: 196.428 Executing VM operation: Cleanup done
Event: 196.895 Executing VM operation: G1CollectForAllocation
Event: 196.908 Executing VM operation: G1CollectForAllocation done
Event: 197.919 Executing VM operation: Cleanup
Event: 197.919 Executing VM operation: Cleanup done
Event: 198.088 Executing VM operation: G1CollectForAllocation
Event: 198.105 Executing VM operation: G1CollectForAllocation done

Events (20 events):
Event: 195.370 Thread 0x000001fefda7a000 Thread added: 0x000001fefda7a000
Event: 195.474 Thread 0x000001fefda80030 Thread added: 0x000001fefda80030
Event: 195.475 Thread 0x000001fefda7af30 Thread added: 0x000001fefda7af30
Event: 195.859 Thread 0x000001fefda79af0 Thread added: 0x000001fefda79af0
Event: 196.289 loading class java/io/BufferedWriterBeanInfo
Event: 196.289 loading class java/io/BufferedWriterBeanInfo done
Event: 196.289 loading class java/io/BufferedWriterBeanInfo
Event: 196.289 loading class java/io/BufferedWriterBeanInfo done
Event: 196.289 loading class java/io/WriterBeanInfo
Event: 196.289 loading class java/io/WriterBeanInfo done
Event: 196.289 loading class java/io/WriterBeanInfo
Event: 196.289 loading class java/io/WriterBeanInfo done
Event: 196.290 loading class java/io/WriterCustomizer
Event: 196.290 loading class java/io/WriterCustomizer done
Event: 196.290 loading class java/io/WriterCustomizer
Event: 196.290 loading class java/io/WriterCustomizer done
Event: 196.291 loading class java/io/BufferedWriterCustomizer
Event: 196.291 loading class java/io/BufferedWriterCustomizer done
Event: 196.292 loading class java/io/BufferedWriterCustomizer
Event: 196.292 loading class java/io/BufferedWriterCustomizer done


Dynamic libraries:
0x00007ff7218a0000 - 0x00007ff7218ae000 	C:\Program Files\Microsoft\jdk-17.0.8.7-hotspot\bin\java.exe
0x00007ffbb8110000 - 0x00007ffbb8308000 	C:\WINDOWS\SYSTEM32\ntdll.dll
0x00007ffbb7390000 - 0x00007ffbb744d000 	C:\WINDOWS\System32\KERNEL32.DLL
0x00007ffbb5e50000 - 0x00007ffbb6146000 	C:\WINDOWS\System32\KERNELBASE.dll
0x00007ffbb5980000 - 0x00007ffbb5a80000 	C:\WINDOWS\System32\ucrtbase.dll
0x00007ffbaccd0000 - 0x00007ffbacce7000 	C:\Program Files\Microsoft\jdk-17.0.8.7-hotspot\bin\jli.dll
0x00007ffbb7750000 - 0x00007ffbb78ee000 	C:\WINDOWS\System32\USER32.dll
0x00007ffbb5ba0000 - 0x00007ffbb5bc2000 	C:\WINDOWS\System32\win32u.dll
0x00007ffbb7950000 - 0x00007ffbb797b000 	C:\WINDOWS\System32\GDI32.dll
0x00007ffbb5d30000 - 0x00007ffbb5e47000 	C:\WINDOWS\System32\gdi32full.dll
0x00007ffbb5bd0000 - 0x00007ffbb5c6d000 	C:\WINDOWS\System32\msvcp_win.dll
0x00007ffbaccf0000 - 0x00007ffbacd0b000 	C:\Program Files\Microsoft\jdk-17.0.8.7-hotspot\bin\VCRUNTIME140.dll
0x00007ffba1590000 - 0x00007ffba182a000 	C:\WINDOWS\WinSxS\amd64_microsoft.windows.common-controls_6595b64144ccf1df_6.0.19041.3636_none_60b6a03d71f818d5\COMCTL32.dll
0x00007ffbb6ad0000 - 0x00007ffbb6b6e000 	C:\WINDOWS\System32\msvcrt.dll
0x00007ffbb6cb0000 - 0x00007ffbb6ce2000 	C:\WINDOWS\System32\IMM32.DLL
0x00007ffbaccc0000 - 0x00007ffbacccc000 	C:\Program Files\Microsoft\jdk-17.0.8.7-hotspot\bin\vcruntime140_1.dll
0x00007ffbacc30000 - 0x00007ffbaccbd000 	C:\Program Files\Microsoft\jdk-17.0.8.7-hotspot\bin\msvcp140.dll
0x00007ffb508f0000 - 0x00007ffb51555000 	C:\Program Files\Microsoft\jdk-17.0.8.7-hotspot\bin\server\jvm.dll
0x00007ffbb69b0000 - 0x00007ffbb6a63000 	C:\WINDOWS\System32\ADVAPI32.dll
0x00007ffbb7140000 - 0x00007ffbb71df000 	C:\WINDOWS\System32\sechost.dll
0x00007ffbb74e0000 - 0x00007ffbb7606000 	C:\WINDOWS\System32\RPCRT4.dll
0x00007ffbb5c70000 - 0x00007ffbb5c97000 	C:\WINDOWS\System32\bcrypt.dll
0x00007ffbb5630000 - 0x00007ffbb567b000 	C:\WINDOWS\SYSTEM32\POWRPROF.dll
0x00007ffbacc20000 - 0x00007ffbacc29000 	C:\WINDOWS\SYSTEM32\WSOCK32.dll
0x00007ffbb6b70000 - 0x00007ffbb6bdb000 	C:\WINDOWS\System32\WS2_32.dll
0x00007ffbac800000 - 0x00007ffbac827000 	C:\WINDOWS\SYSTEM32\WINMM.dll
0x00007ffbad180000 - 0x00007ffbad18a000 	C:\WINDOWS\SYSTEM32\VERSION.dll
0x00007ffbb5610000 - 0x00007ffbb5622000 	C:\WINDOWS\SYSTEM32\UMPDC.dll
0x00007ffbb3640000 - 0x00007ffbb3652000 	C:\WINDOWS\SYSTEM32\kernel.appcore.dll
0x00007ffbacc10000 - 0x00007ffbacc1a000 	C:\Program Files\Microsoft\jdk-17.0.8.7-hotspot\bin\jimage.dll
0x00007ffb9b060000 - 0x00007ffb9b244000 	C:\WINDOWS\SYSTEM32\DBGHELP.DLL
0x00007ffb9aee0000 - 0x00007ffb9af14000 	C:\WINDOWS\SYSTEM32\dbgcore.DLL
0x00007ffbb5ca0000 - 0x00007ffbb5d22000 	C:\WINDOWS\System32\bcryptPrimitives.dll
0x00007ffb780e0000 - 0x00007ffb780ee000 	C:\Program Files\Microsoft\jdk-17.0.8.7-hotspot\bin\instrument.dll
0x00007ffb90bf0000 - 0x00007ffb90c15000 	C:\Program Files\Microsoft\jdk-17.0.8.7-hotspot\bin\java.dll
0x00007ffb5c4a0000 - 0x00007ffb5c577000 	C:\Program Files\Microsoft\jdk-17.0.8.7-hotspot\bin\jsvml.dll
0x00007ffbb7980000 - 0x00007ffbb80c5000 	C:\WINDOWS\System32\SHELL32.dll
0x00007ffbb3840000 - 0x00007ffbb3fdc000 	C:\WINDOWS\SYSTEM32\windows.storage.dll
0x00007ffbb6de0000 - 0x00007ffbb7134000 	C:\WINDOWS\System32\combase.dll
0x00007ffbb5130000 - 0x00007ffbb515e000 	C:\WINDOWS\SYSTEM32\Wldp.dll
0x00007ffbb7680000 - 0x00007ffbb774d000 	C:\WINDOWS\System32\OLEAUT32.dll
0x00007ffbb6c00000 - 0x00007ffbb6cad000 	C:\WINDOWS\System32\SHCORE.dll
0x00007ffbb7620000 - 0x00007ffbb7675000 	C:\WINDOWS\System32\shlwapi.dll
0x00007ffbb5700000 - 0x00007ffbb5725000 	C:\WINDOWS\SYSTEM32\profapi.dll
0x00007ffb5c460000 - 0x00007ffb5c478000 	C:\Program Files\Microsoft\jdk-17.0.8.7-hotspot\bin\zip.dll
0x00007ffb90bd0000 - 0x00007ffb90be9000 	C:\Program Files\Microsoft\jdk-17.0.8.7-hotspot\bin\net.dll
0x00007ffbaa6b0000 - 0x00007ffbaa7ba000 	C:\WINDOWS\SYSTEM32\WINHTTP.dll
0x00007ffbb4e90000 - 0x00007ffbb4efa000 	C:\WINDOWS\system32\mswsock.dll
0x00007ffb5c480000 - 0x00007ffb5c496000 	C:\Program Files\Microsoft\jdk-17.0.8.7-hotspot\bin\nio.dll
0x00007ffbacc00000 - 0x00007ffbacc10000 	C:\Program Files\Microsoft\jdk-17.0.8.7-hotspot\bin\verify.dll
0x00007ffb5c430000 - 0x00007ffb5c457000 	C:\Users\anoop\.gradle\native\68d5fa5c4cc2d200863cafc0d521ce42e7d3e7ee720ec0a83991735586a16f82\windows-amd64\native-platform.dll
0x00007ffb507a0000 - 0x00007ffb508e4000 	C:\Users\anoop\.gradle\native\e376f236ea51e6404a007f0833ffe2c6e607c4080706a723a18a27aeea778392\windows-amd64\native-platform-file-events.dll
0x00007ffb90bc0000 - 0x00007ffb90bc9000 	C:\Program Files\Microsoft\jdk-17.0.8.7-hotspot\bin\management.dll
0x00007ffb83ae0000 - 0x00007ffb83aeb000 	C:\Program Files\Microsoft\jdk-17.0.8.7-hotspot\bin\management_ext.dll
0x00007ffbb6530000 - 0x00007ffbb6538000 	C:\WINDOWS\System32\PSAPI.DLL
0x00007ffbb5080000 - 0x00007ffbb5098000 	C:\WINDOWS\SYSTEM32\CRYPTSP.dll
0x00007ffbb4790000 - 0x00007ffbb47c4000 	C:\WINDOWS\system32\rsaenh.dll
0x00007ffbb5680000 - 0x00007ffbb56ae000 	C:\WINDOWS\SYSTEM32\USERENV.dll
0x00007ffbb50a0000 - 0x00007ffbb50ac000 	C:\WINDOWS\SYSTEM32\CRYPTBASE.dll
0x00007ffbb4b60000 - 0x00007ffbb4b9b000 	C:\WINDOWS\SYSTEM32\IPHLPAPI.DLL
0x00007ffbb7610000 - 0x00007ffbb7618000 	C:\WINDOWS\System32\NSI.dll
0x00007ffbac690000 - 0x00007ffbac6a7000 	C:\WINDOWS\SYSTEM32\dhcpcsvc6.DLL
0x00007ffbaaab0000 - 0x00007ffbaaacd000 	C:\WINDOWS\SYSTEM32\dhcpcsvc.DLL
0x00007ffbb4ba0000 - 0x00007ffbb4c6b000 	C:\WINDOWS\SYSTEM32\DNSAPI.dll
0x00007ffb711c0000 - 0x00007ffb711ce000 	C:\Program Files\Microsoft\jdk-17.0.8.7-hotspot\bin\sunmscapi.dll
0x00007ffbb57d0000 - 0x00007ffbb592d000 	C:\WINDOWS\System32\CRYPT32.dll
0x00007ffbb51a0000 - 0x00007ffbb51c8000 	C:\WINDOWS\SYSTEM32\ncrypt.dll
0x00007ffbb5160000 - 0x00007ffbb519b000 	C:\WINDOWS\SYSTEM32\NTASN1.dll
0x00007ffb5c420000 - 0x00007ffb5c427000 	C:\WINDOWS\system32\wshunix.dll
0x00007ffb98f60000 - 0x00007ffb98f77000 	C:\WINDOWS\system32\napinsp.dll
0x00007ffb98f40000 - 0x00007ffb98f5b000 	C:\WINDOWS\system32\pnrpnsp.dll
0x00007ffbb0200000 - 0x00007ffbb0215000 	C:\WINDOWS\system32\wshbth.dll
0x00007ffbb10a0000 - 0x00007ffbb10bd000 	C:\WINDOWS\system32\NLAapi.dll
0x00007ffb98f20000 - 0x00007ffb98f32000 	C:\WINDOWS\System32\winrnr.dll
0x00007ffb9da00000 - 0x00007ffb9da0a000 	C:\Windows\System32\rasadhlp.dll
0x00007ffb9c4c0000 - 0x00007ffb9c540000 	C:\WINDOWS\System32\fwpuclnt.dll

dbghelp: loaded successfully - version: 4.0.5 - missing functions: none
symbol engine: initialized successfully - sym options: 0x614 - pdb path: .;C:\Program Files\Microsoft\jdk-17.0.8.7-hotspot\bin;C:\WINDOWS\SYSTEM32;C:\WINDOWS\WinSxS\amd64_microsoft.windows.common-controls_6595b64144ccf1df_6.0.19041.3636_none_60b6a03d71f818d5;C:\Program Files\Microsoft\jdk-17.0.8.7-hotspot\bin\server;C:\Users\anoop\.gradle\native\68d5fa5c4cc2d200863cafc0d521ce42e7d3e7ee720ec0a83991735586a16f82\windows-amd64;C:\Users\anoop\.gradle\native\e376f236ea51e6404a007f0833ffe2c6e607c4080706a723a18a27aeea778392\windows-amd64

VM Arguments:
jvm_args: -XX:MaxMetaspaceSize=512m --add-opens=java.base/java.util=ALL-UNNAMED --add-opens=java.base/java.lang=ALL-UNNAMED --add-opens=java.base/java.lang.invoke=ALL-UNNAMED --add-opens=java.prefs/java.util.prefs=ALL-UNNAMED --add-opens=java.base/java.nio.charset=ALL-UNNAMED --add-opens=java.base/java.net=ALL-UNNAMED --add-opens=java.base/java.util.concurrent.atomic=ALL-UNNAMED -Xmx2048m -Dfile.encoding=windows-1252 -Duser.country=GB -Duser.language=en -Duser.variant -javaagent:C:\Users\anoop\.gradle\wrapper\dists\gradle-8.3-all\6en3ugtfdg5xnpx44z4qbwgas\gradle-8.3\lib\agents\gradle-instrumentation-agent-8.3.jar 
java_command: org.gradle.launcher.daemon.bootstrap.GradleDaemon 8.3
java_class_path (initial): C:\Users\anoop\.gradle\wrapper\dists\gradle-8.3-all\6en3ugtfdg5xnpx44z4qbwgas\gradle-8.3\lib\gradle-launcher-8.3.jar
Launcher Type: SUN_STANDARD

[Global flags]
     intx CICompilerCount                          = 3                                         {product} {ergonomic}
   size_t CompressedClassSpaceSize                 = 436207616                                 {product} {ergonomic}
     uint ConcGCThreads                            = 1                                         {product} {ergonomic}
     uint G1ConcRefinementThreads                  = 4                                         {product} {ergonomic}
   size_t G1HeapRegionSize                         = 1048576                                   {product} {ergonomic}
    uintx GCDrainStackTargetSize                   = 64                                        {product} {ergonomic}
   size_t InitialHeapSize                          = 100663296                                 {product} {ergonomic}
   size_t MarkStackSize                            = 4194304                                   {product} {ergonomic}
   size_t MaxHeapSize                              = 2147483648                                {product} {command line}
   size_t MaxMetaspaceSize                         = 536870912                                 {product} {command line}
   size_t MaxNewSize                               = 1287651328                                {product} {ergonomic}
   size_t MinHeapDeltaBytes                        = 1048576                                   {product} {ergonomic}
   size_t MinHeapSize                              = 8388608                                   {product} {ergonomic}
    uintx NonNMethodCodeHeapSize                   = 5832780                                {pd product} {ergonomic}
    uintx NonProfiledCodeHeapSize                  = 122912730                              {pd product} {ergonomic}
    uintx ProfiledCodeHeapSize                     = 122912730                              {pd product} {ergonomic}
    uintx ReservedCodeCacheSize                    = 251658240                              {pd product} {ergonomic}
     bool SegmentedCodeCache                       = true                                      {product} {ergonomic}
   size_t SoftMaxHeapSize                          = 2147483648                             {manageable} {ergonomic}
     bool UseCompressedClassPointers               = true                           {product lp64_product} {ergonomic}
     bool UseCompressedOops                        = true                           {product lp64_product} {ergonomic}
     bool UseG1GC                                  = true                                      {product} {ergonomic}
     bool UseLargePagesIndividualAllocation        = false                                  {pd product} {ergonomic}

Logging:
Log output configuration:
 #0: stdout all=warning uptime,level,tags
 #1: stderr all=off uptime,level,tags

Environment Variables:
JAVA_HOME=C:\Program Files\Microsoft\jdk-17.0.8.7-hotspot\
CLASSPATH=D:\resin preparation\Project2\GroceryApp\mygroceryapp\android\\gradle\wrapper\gradle-wrapper.jar
PATH=D:\resin preparation\Project2\GroceryApp\mygroceryapp\node_modules\.bin;D:\resin preparation\Project2\GroceryApp\node_modules\.bin;D:\resin preparation\Project2\node_modules\.bin;D:\resin preparation\node_modules\.bin;D:\node_modules\.bin;C:\Program Files\nodejs\node_modules\npm\node_modules\@npmcli\run-script\lib\node-gyp-bin;C:\Program Files\Microsoft\jdk-17.0.8.7-hotspot\bin;C:\Program Files\Microsoft\jdk-11.0.18.10-hotspot\bin;C:\Python311\Scripts\;C:\Python311\;C:\WINDOWS\system32;C:\WINDOWS;C:\WINDOWS\System32\Wbem;C:\WINDOWS\System32\WindowsPowerShell\v1.0\;C:\WINDOWS\System32\OpenSSH\;C:\Program Files\nodejs\;C:\ProgramData\chocolatey\bin;C:\Users\anoop\AppData\Local\Android\Sdk\platform-tools;C:\Users\anoop\AppData\Local\Microsoft\WindowsApps;C:\Users\anoop\AppData\Roaming\npm;C:\Users\anoop\AppData\Local\Programs\Microsoft VS Code\bin;C:\Program Files\MongoDB\Server\5.0\bin;C:\Program Files\Git\bin;C:\Users\anoop\.ssh
USERNAME=anoop
LANG=en_US.UTF-8
OS=Windows_NT
PROCESSOR_IDENTIFIER=AMD64 Family 23 Model 24 Stepping 1, AuthenticAMD
TMP=C:\Users\anoop\AppData\Local\Temp
TEMP=C:\Users\anoop\AppData\Local\Temp



---------------  S Y S T E M  ---------------

OS:
 Windows 10 , 64 bit Build 19041 (10.0.19041.3636)
OS uptime: 0 days 0:10 hours
Hyper-V role detected

CPU: total 4 (initial active 4) (4 cores per cpu, 2 threads per core) family 23 model 24 stepping 1 microcode 0x0, cx8, cmov, fxsr, ht, mmx, 3dnowpref, sse, sse2, sse3, ssse3, sse4a, sse4.1, sse4.2, popcnt, lzcnt, tsc, tscinvbit, avx, avx2, aes, clmul, bmi1, bmi2, adx, sha, fma, vzeroupper, clflush, clflushopt, hv
Processor Information for all 4 processors :
  Max Mhz: 2600, Current Mhz: 2600, Mhz Limit: 2600

Memory: 4k page, system-wide physical 6086M (260M free)
TotalPageFile size 12486M (AvailPageFile size 5464M)
current process WorkingSet (physical memory assigned to process): 423M, peak: 451M
current process commit charge ("private bytes"): 560M, peak: 575M

vm_info: OpenJDK 64-Bit Server VM (17.0.8+7-LTS) for windows-amd64 JRE (17.0.8+7-LTS), built on Jul  7 2023 17:21:55 by "MicrosoftCorporation" with MS VC++ 16.10 / 16.11 (VS2019)

END.
